\BOOKMARK [0][-]{chapter.1}{\376\377\0001\000\040\000N\000a\000m\000e\000s\000p\000a\000c\000e\000\040\000I\000n\000d\000e\000x}{}% 1
\BOOKMARK [1][-]{section.1.1}{\376\377\0001\000.\0001\000\040\000P\000a\000c\000k\000a\000g\000e\000s}{chapter.1}% 2
\BOOKMARK [0][-]{chapter.2}{\376\377\0002\000\040\000H\000i\000e\000r\000a\000r\000c\000h\000i\000c\000a\000l\000\040\000I\000n\000d\000e\000x}{}% 3
\BOOKMARK [1][-]{section.2.1}{\376\377\0002\000.\0001\000\040\000C\000l\000a\000s\000s\000\040\000H\000i\000e\000r\000a\000r\000c\000h\000y}{chapter.2}% 4
\BOOKMARK [0][-]{chapter.3}{\376\377\0003\000\040\000C\000l\000a\000s\000s\000\040\000I\000n\000d\000e\000x}{}% 5
\BOOKMARK [1][-]{section.3.1}{\376\377\0003\000.\0001\000\040\000C\000l\000a\000s\000s\000\040\000L\000i\000s\000t}{chapter.3}% 6
\BOOKMARK [0][-]{chapter.4}{\376\377\0004\000\040\000F\000i\000l\000e\000\040\000I\000n\000d\000e\000x}{}% 7
\BOOKMARK [1][-]{section.4.1}{\376\377\0004\000.\0001\000\040\000F\000i\000l\000e\000\040\000L\000i\000s\000t}{chapter.4}% 8
\BOOKMARK [0][-]{chapter.5}{\376\377\0005\000\040\000N\000a\000m\000e\000s\000p\000a\000c\000e\000\040\000D\000o\000c\000u\000m\000e\000n\000t\000a\000t\000i\000o\000n}{}% 9
\BOOKMARK [1][-]{section.5.1}{\376\377\0005\000.\0001\000\040\000P\000a\000c\000k\000a\000g\000e\000\040\000e\000s}{chapter.5}% 10
\BOOKMARK [1][-]{section.5.2}{\376\377\0005\000.\0002\000\040\000P\000a\000c\000k\000a\000g\000e\000\040\000e\000s\000.\000d\000e\000u\000s\000t\000o}{chapter.5}% 11
\BOOKMARK [1][-]{section.5.3}{\376\377\0005\000.\0003\000\040\000P\000a\000c\000k\000a\000g\000e\000\040\000e\000s\000.\000d\000e\000u\000s\000t\000o\000.\000c\000l\000i\000e\000n\000t}{chapter.5}% 12
\BOOKMARK [1][-]{section.5.4}{\376\377\0005\000.\0004\000\040\000P\000a\000c\000k\000a\000g\000e\000\040\000e\000s\000.\000d\000e\000u\000s\000t\000o\000.\000s\000e\000r\000v\000e\000r}{chapter.5}% 13
\BOOKMARK [1][-]{section.5.5}{\376\377\0005\000.\0005\000\040\000P\000a\000c\000k\000a\000g\000e\000\040\000e\000s\000.\000d\000e\000u\000s\000t\000o\000.\000s\000e\000r\000v\000e\000r\000.\000d\000b}{chapter.5}% 14
\BOOKMARK [1][-]{section.5.6}{\376\377\0005\000.\0006\000\040\000P\000a\000c\000k\000a\000g\000e\000\040\000e\000s\000.\000d\000e\000u\000s\000t\000o\000.\000s\000e\000r\000v\000e\000r\000.\000d\000b\000.\000d\000a\000o}{chapter.5}% 15
\BOOKMARK [1][-]{section.5.7}{\376\377\0005\000.\0007\000\040\000P\000a\000c\000k\000a\000g\000e\000\040\000e\000s\000.\000d\000e\000u\000s\000t\000o\000.\000s\000e\000r\000v\000e\000r\000.\000d\000b\000.\000d\000a\000t\000a}{chapter.5}% 16
\BOOKMARK [1][-]{section.5.8}{\376\377\0005\000.\0008\000\040\000P\000a\000c\000k\000a\000g\000e\000\040\000e\000s\000.\000d\000e\000u\000s\000t\000o\000.\000s\000e\000r\000v\000e\000r\000.\000r\000e\000m\000o\000t\000e}{chapter.5}% 17
\BOOKMARK [0][-]{chapter.6}{\376\377\0006\000\040\000C\000l\000a\000s\000s\000\040\000D\000o\000c\000u\000m\000e\000n\000t\000a\000t\000i\000o\000n}{}% 18
\BOOKMARK [1][-]{section.6.1}{\376\377\0006\000.\0001\000\040\000e\000s\000.\000d\000e\000u\000s\000t\000o\000.\000c\000l\000i\000e\000n\000t\000.\000C\000l\000i\000e\000n\000t\000\040\000C\000l\000a\000s\000s\000\040\000R\000e\000f\000e\000r\000e\000n\000c\000e}{chapter.6}% 19
\BOOKMARK [2][-]{subsection.6.1.1}{\376\377\0006\000.\0001\000.\0001\000\040\000D\000e\000t\000a\000i\000l\000e\000d\000\040\000D\000e\000s\000c\000r\000i\000p\000t\000i\000o\000n}{section.6.1}% 20
\BOOKMARK [2][-]{subsection.6.1.2}{\376\377\0006\000.\0001\000.\0002\000\040\000C\000o\000n\000s\000t\000r\000u\000c\000t\000o\000r\000\040\000\046\000\040\000D\000e\000s\000t\000r\000u\000c\000t\000o\000r\000\040\000D\000o\000c\000u\000m\000e\000n\000t\000a\000t\000i\000o\000n}{section.6.1}% 21
\BOOKMARK [3][-]{subsubsection.6.1.2.1}{\376\377\0006\000.\0001\000.\0002\000.\0001\000\040\000C\000l\000i\000e\000n\000t\000\050\000\051}{subsection.6.1.2}% 22
\BOOKMARK [2][-]{subsection.6.1.3}{\376\377\0006\000.\0001\000.\0003\000\040\000M\000e\000m\000b\000e\000r\000\040\000F\000u\000n\000c\000t\000i\000o\000n\000\040\000D\000o\000c\000u\000m\000e\000n\000t\000a\000t\000i\000o\000n}{section.6.1}% 23
\BOOKMARK [3][-]{subsubsection.6.1.3.1}{\376\377\0006\000.\0001\000.\0003\000.\0001\000\040\000a\000c\000t\000i\000o\000n\000P\000e\000r\000f\000o\000r\000m\000e\000d\000\050\000\051}{subsection.6.1.3}% 24
\BOOKMARK [3][-]{subsubsection.6.1.3.2}{\376\377\0006\000.\0001\000.\0003\000.\0002\000\040\000m\000a\000i\000n\000\050\000\051}{subsection.6.1.3}% 25
\BOOKMARK [3][-]{subsubsection.6.1.3.3}{\376\377\0006\000.\0001\000.\0003\000.\0003\000\040\000r\000e\000l\000l\000e\000n\000a\000r\000T\000a\000b\000l\000a\000P\000r\000o\000d\000\050\000\051}{subsection.6.1.3}% 26
\BOOKMARK [3][-]{subsubsection.6.1.3.4}{\376\377\0006\000.\0001\000.\0003\000.\0004\000\040\000r\000e\000l\000l\000e\000n\000a\000r\000T\000a\000b\000l\000a\000U\000s\000e\000r\000\050\000\051}{subsection.6.1.3}% 27
\BOOKMARK [1][-]{section.6.2}{\376\377\0006\000.\0002\000\040\000e\000s\000.\000d\000e\000u\000s\000t\000o\000.\000s\000e\000r\000v\000e\000r\000.\000d\000b\000.\000d\000a\000o\000.\000D\000A\000O\000\040\000C\000l\000a\000s\000s\000\040\000R\000e\000f\000e\000r\000e\000n\000c\000e}{chapter.6}% 28
\BOOKMARK [2][-]{subsection.6.2.1}{\376\377\0006\000.\0002\000.\0001\000\040\000D\000e\000t\000a\000i\000l\000e\000d\000\040\000D\000e\000s\000c\000r\000i\000p\000t\000i\000o\000n}{section.6.2}% 29
\BOOKMARK [2][-]{subsection.6.2.2}{\376\377\0006\000.\0002\000.\0002\000\040\000C\000o\000n\000s\000t\000r\000u\000c\000t\000o\000r\000\040\000\046\000\040\000D\000e\000s\000t\000r\000u\000c\000t\000o\000r\000\040\000D\000o\000c\000u\000m\000e\000n\000t\000a\000t\000i\000o\000n}{section.6.2}% 30
\BOOKMARK [3][-]{subsubsection.6.2.2.1}{\376\377\0006\000.\0002\000.\0002\000.\0001\000\040\000D\000A\000O\000\050\000\051}{subsection.6.2.2}% 31
\BOOKMARK [2][-]{subsection.6.2.3}{\376\377\0006\000.\0002\000.\0003\000\040\000M\000e\000m\000b\000e\000r\000\040\000F\000u\000n\000c\000t\000i\000o\000n\000\040\000D\000o\000c\000u\000m\000e\000n\000t\000a\000t\000i\000o\000n}{section.6.2}% 32
\BOOKMARK [3][-]{subsubsection.6.2.3.1}{\376\377\0006\000.\0002\000.\0003\000.\0001\000\040\000g\000e\000t\000A\000l\000l\000P\000r\000o\000d\000\050\000\051}{subsection.6.2.3}% 33
\BOOKMARK [3][-]{subsubsection.6.2.3.2}{\376\377\0006\000.\0002\000.\0003\000.\0002\000\040\000g\000e\000t\000A\000l\000l\000U\000s\000e\000r\000\050\000\051}{subsection.6.2.3}% 34
\BOOKMARK [3][-]{subsubsection.6.2.3.3}{\376\377\0006\000.\0002\000.\0003\000.\0003\000\040\000r\000e\000t\000r\000i\000e\000v\000e\000M\000o\000n\000e\000y\000\050\000\051}{subsection.6.2.3}% 35
\BOOKMARK [3][-]{subsubsection.6.2.3.4}{\376\377\0006\000.\0002\000.\0003\000.\0004\000\040\000r\000e\000t\000r\000i\000e\000v\000e\000P\000r\000o\000d\000S\000e\000a\000r\000c\000h\000\050\000\051}{subsection.6.2.3}% 36
\BOOKMARK [3][-]{subsubsection.6.2.3.5}{\376\377\0006\000.\0002\000.\0003\000.\0005\000\040\000r\000e\000t\000r\000i\000e\000v\000e\000U\000s\000e\000r\000\050\000\051}{subsection.6.2.3}% 37
\BOOKMARK [3][-]{subsubsection.6.2.3.6}{\376\377\0006\000.\0002\000.\0003\000.\0006\000\040\000s\000t\000o\000r\000e\000M\000o\000n\000e\000y\000\050\000\051}{subsection.6.2.3}% 38
\BOOKMARK [3][-]{subsubsection.6.2.3.7}{\376\377\0006\000.\0002\000.\0003\000.\0007\000\040\000s\000t\000o\000r\000e\000P\000r\000o\000d\000\050\000\051}{subsection.6.2.3}% 39
\BOOKMARK [3][-]{subsubsection.6.2.3.8}{\376\377\0006\000.\0002\000.\0003\000.\0008\000\040\000s\000t\000o\000r\000e\000U\000s\000e\000r\000\050\000\051}{subsection.6.2.3}% 40
\BOOKMARK [3][-]{subsubsection.6.2.3.9}{\376\377\0006\000.\0002\000.\0003\000.\0009\000\040\000u\000p\000d\000a\000t\000e\000M\000o\000n\000e\000y\000\050\000\051}{subsection.6.2.3}% 41
\BOOKMARK [3][-]{subsubsection.6.2.3.10}{\376\377\0006\000.\0002\000.\0003\000.\0001\0000\000\040\000u\000p\000d\000a\000t\000e\000P\000r\000o\000d\000\050\000\051}{subsection.6.2.3}% 42
\BOOKMARK [3][-]{subsubsection.6.2.3.11}{\376\377\0006\000.\0002\000.\0003\000.\0001\0001\000\040\000u\000p\000d\000a\000t\000e\000U\000s\000e\000r\000\050\000\051}{subsection.6.2.3}% 43
\BOOKMARK [1][-]{section.6.3}{\376\377\0006\000.\0003\000\040\000e\000s\000.\000d\000e\000u\000s\000t\000o\000.\000s\000e\000r\000v\000e\000r\000.\000d\000b\000.\000D\000B\000\040\000C\000l\000a\000s\000s\000\040\000R\000e\000f\000e\000r\000e\000n\000c\000e}{chapter.6}% 44
\BOOKMARK [2][-]{subsection.6.3.1}{\376\377\0006\000.\0003\000.\0001\000\040\000D\000e\000t\000a\000i\000l\000e\000d\000\040\000D\000e\000s\000c\000r\000i\000p\000t\000i\000o\000n}{section.6.3}% 45
\BOOKMARK [2][-]{subsection.6.3.2}{\376\377\0006\000.\0003\000.\0002\000\040\000C\000o\000n\000s\000t\000r\000u\000c\000t\000o\000r\000\040\000\046\000\040\000D\000e\000s\000t\000r\000u\000c\000t\000o\000r\000\040\000D\000o\000c\000u\000m\000e\000n\000t\000a\000t\000i\000o\000n}{section.6.3}% 46
\BOOKMARK [3][-]{subsubsection.6.3.2.1}{\376\377\0006\000.\0003\000.\0002\000.\0001\000\040\000D\000B\000\050\000\051\000\040\000[\0001\000/\0002\000]}{subsection.6.3.2}% 47
\BOOKMARK [3][-]{subsubsection.6.3.2.2}{\376\377\0006\000.\0003\000.\0002\000.\0002\000\040\000D\000B\000\050\000\051\000\040\000[\0002\000/\0002\000]}{subsection.6.3.2}% 48
\BOOKMARK [2][-]{subsection.6.3.3}{\376\377\0006\000.\0003\000.\0003\000\040\000M\000e\000m\000b\000e\000r\000\040\000F\000u\000n\000c\000t\000i\000o\000n\000\040\000D\000o\000c\000u\000m\000e\000n\000t\000a\000t\000i\000o\000n}{section.6.3}% 49
\BOOKMARK [3][-]{subsubsection.6.3.3.1}{\376\377\0006\000.\0003\000.\0003\000.\0001\000\040\000b\000u\000y\000P\000r\000o\000d\000\050\000\051}{subsection.6.3.3}% 50
\BOOKMARK [3][-]{subsubsection.6.3.3.2}{\376\377\0006\000.\0003\000.\0003\000.\0002\000\040\000g\000e\000t\000A\000l\000l\000P\000r\000o\000d\000\050\000\051}{subsection.6.3.3}% 51
\BOOKMARK [3][-]{subsubsection.6.3.3.3}{\376\377\0006\000.\0003\000.\0003\000.\0003\000\040\000i\000n\000s\000e\000r\000t\000M\000o\000n\000e\000y\000\050\000\051}{subsection.6.3.3}% 52
\BOOKMARK [3][-]{subsubsection.6.3.3.4}{\376\377\0006\000.\0003\000.\0003\000.\0004\000\040\000i\000n\000s\000e\000r\000t\000P\000r\000o\000d\000\050\000\051}{subsection.6.3.3}% 53
\BOOKMARK [3][-]{subsubsection.6.3.3.5}{\376\377\0006\000.\0003\000.\0003\000.\0005\000\040\000i\000n\000s\000e\000r\000t\000U\000s\000e\000r\000\050\000\051}{subsection.6.3.3}% 54
\BOOKMARK [3][-]{subsubsection.6.3.3.6}{\376\377\0006\000.\0003\000.\0003\000.\0006\000\040\000s\000h\000o\000w\000P\000r\000o\000d\000\050\000\051}{subsection.6.3.3}% 55
\BOOKMARK [3][-]{subsubsection.6.3.3.7}{\376\377\0006\000.\0003\000.\0003\000.\0007\000\040\000s\000h\000o\000w\000U\000s\000e\000r\000\050\000\051}{subsection.6.3.3}% 56
\BOOKMARK [1][-]{section.6.4}{\376\377\0006\000.\0004\000\040\000e\000s\000.\000d\000e\000u\000s\000t\000o\000.\000s\000e\000r\000v\000e\000r\000.\000d\000b\000.\000d\000a\000o\000.\000I\000D\000A\000O\000\040\000I\000n\000t\000e\000r\000f\000a\000c\000e\000\040\000R\000e\000f\000e\000r\000e\000n\000c\000e}{chapter.6}% 57
\BOOKMARK [2][-]{subsection.6.4.1}{\376\377\0006\000.\0004\000.\0001\000\040\000D\000e\000t\000a\000i\000l\000e\000d\000\040\000D\000e\000s\000c\000r\000i\000p\000t\000i\000o\000n}{section.6.4}% 58
\BOOKMARK [2][-]{subsection.6.4.2}{\376\377\0006\000.\0004\000.\0002\000\040\000M\000e\000m\000b\000e\000r\000\040\000F\000u\000n\000c\000t\000i\000o\000n\000\040\000D\000o\000c\000u\000m\000e\000n\000t\000a\000t\000i\000o\000n}{section.6.4}% 59
\BOOKMARK [3][-]{subsubsection.6.4.2.1}{\376\377\0006\000.\0004\000.\0002\000.\0001\000\040\000g\000e\000t\000A\000l\000l\000P\000r\000o\000d\000\050\000\051}{subsection.6.4.2}% 60
\BOOKMARK [3][-]{subsubsection.6.4.2.2}{\376\377\0006\000.\0004\000.\0002\000.\0002\000\040\000g\000e\000t\000A\000l\000l\000U\000s\000e\000r\000\050\000\051}{subsection.6.4.2}% 61
\BOOKMARK [3][-]{subsubsection.6.4.2.3}{\376\377\0006\000.\0004\000.\0002\000.\0003\000\040\000r\000e\000t\000r\000i\000e\000v\000e\000M\000o\000n\000e\000y\000\050\000\051}{subsection.6.4.2}% 62
\BOOKMARK [3][-]{subsubsection.6.4.2.4}{\376\377\0006\000.\0004\000.\0002\000.\0004\000\040\000r\000e\000t\000r\000i\000e\000v\000e\000P\000r\000o\000d\000S\000e\000a\000r\000c\000h\000\050\000\051}{subsection.6.4.2}% 63
\BOOKMARK [3][-]{subsubsection.6.4.2.5}{\376\377\0006\000.\0004\000.\0002\000.\0005\000\040\000r\000e\000t\000r\000i\000e\000v\000e\000U\000s\000e\000r\000\050\000\051}{subsection.6.4.2}% 64
\BOOKMARK [3][-]{subsubsection.6.4.2.6}{\376\377\0006\000.\0004\000.\0002\000.\0006\000\040\000s\000t\000o\000r\000e\000M\000o\000n\000e\000y\000\050\000\051}{subsection.6.4.2}% 65
\BOOKMARK [3][-]{subsubsection.6.4.2.7}{\376\377\0006\000.\0004\000.\0002\000.\0007\000\040\000s\000t\000o\000r\000e\000P\000r\000o\000d\000\050\000\051}{subsection.6.4.2}% 66
\BOOKMARK [3][-]{subsubsection.6.4.2.8}{\376\377\0006\000.\0004\000.\0002\000.\0008\000\040\000s\000t\000o\000r\000e\000U\000s\000e\000r\000\050\000\051}{subsection.6.4.2}% 67
\BOOKMARK [3][-]{subsubsection.6.4.2.9}{\376\377\0006\000.\0004\000.\0002\000.\0009\000\040\000u\000p\000d\000a\000t\000e\000M\000o\000n\000e\000y\000\050\000\051}{subsection.6.4.2}% 68
\BOOKMARK [3][-]{subsubsection.6.4.2.10}{\376\377\0006\000.\0004\000.\0002\000.\0001\0000\000\040\000u\000p\000d\000a\000t\000e\000P\000r\000o\000d\000\050\000\051}{subsection.6.4.2}% 69
\BOOKMARK [3][-]{subsubsection.6.4.2.11}{\376\377\0006\000.\0004\000.\0002\000.\0001\0001\000\040\000u\000p\000d\000a\000t\000e\000U\000s\000e\000r\000\050\000\051}{subsection.6.4.2}% 70
\BOOKMARK [1][-]{section.6.5}{\376\377\0006\000.\0005\000\040\000e\000s\000.\000d\000e\000u\000s\000t\000o\000.\000s\000e\000r\000v\000e\000r\000.\000d\000b\000.\000I\000D\000B\000\040\000I\000n\000t\000e\000r\000f\000a\000c\000e\000\040\000R\000e\000f\000e\000r\000e\000n\000c\000e}{chapter.6}% 71
\BOOKMARK [2][-]{subsection.6.5.1}{\376\377\0006\000.\0005\000.\0001\000\040\000D\000e\000t\000a\000i\000l\000e\000d\000\040\000D\000e\000s\000c\000r\000i\000p\000t\000i\000o\000n}{section.6.5}% 72
\BOOKMARK [2][-]{subsection.6.5.2}{\376\377\0006\000.\0005\000.\0002\000\040\000M\000e\000m\000b\000e\000r\000\040\000F\000u\000n\000c\000t\000i\000o\000n\000\040\000D\000o\000c\000u\000m\000e\000n\000t\000a\000t\000i\000o\000n}{section.6.5}% 73
\BOOKMARK [3][-]{subsubsection.6.5.2.1}{\376\377\0006\000.\0005\000.\0002\000.\0001\000\040\000b\000u\000y\000P\000r\000o\000d\000\050\000\051}{subsection.6.5.2}% 74
\BOOKMARK [3][-]{subsubsection.6.5.2.2}{\376\377\0006\000.\0005\000.\0002\000.\0002\000\040\000g\000e\000t\000A\000l\000l\000P\000r\000o\000d\000\050\000\051}{subsection.6.5.2}% 75
\BOOKMARK [3][-]{subsubsection.6.5.2.3}{\376\377\0006\000.\0005\000.\0002\000.\0003\000\040\000i\000n\000s\000e\000r\000t\000M\000o\000n\000e\000y\000\050\000\051}{subsection.6.5.2}% 76
\BOOKMARK [3][-]{subsubsection.6.5.2.4}{\376\377\0006\000.\0005\000.\0002\000.\0004\000\040\000i\000n\000s\000e\000r\000t\000P\000r\000o\000d\000\050\000\051}{subsection.6.5.2}% 77
\BOOKMARK [3][-]{subsubsection.6.5.2.5}{\376\377\0006\000.\0005\000.\0002\000.\0005\000\040\000i\000n\000s\000e\000r\000t\000U\000s\000e\000r\000\050\000\051}{subsection.6.5.2}% 78
\BOOKMARK [3][-]{subsubsection.6.5.2.6}{\376\377\0006\000.\0005\000.\0002\000.\0006\000\040\000s\000h\000o\000w\000P\000r\000o\000d\000\050\000\051}{subsection.6.5.2}% 79
\BOOKMARK [3][-]{subsubsection.6.5.2.7}{\376\377\0006\000.\0005\000.\0002\000.\0007\000\040\000s\000h\000o\000w\000U\000s\000e\000r\000\050\000\051}{subsection.6.5.2}% 80
\BOOKMARK [1][-]{section.6.6}{\376\377\0006\000.\0006\000\040\000e\000s\000.\000d\000e\000u\000s\000t\000o\000.\000s\000e\000r\000v\000e\000r\000.\000r\000e\000m\000o\000t\000e\000.\000I\000T\000r\000a\000n\000s\000f\000e\000r\000e\000r\000\040\000I\000n\000t\000e\000r\000f\000a\000c\000e\000\040\000R\000e\000f\000e\000r\000e\000n\000c\000e}{chapter.6}% 81
\BOOKMARK [2][-]{subsection.6.6.1}{\376\377\0006\000.\0006\000.\0001\000\040\000D\000e\000t\000a\000i\000l\000e\000d\000\040\000D\000e\000s\000c\000r\000i\000p\000t\000i\000o\000n}{section.6.6}% 82
\BOOKMARK [2][-]{subsection.6.6.2}{\376\377\0006\000.\0006\000.\0002\000\040\000M\000e\000m\000b\000e\000r\000\040\000F\000u\000n\000c\000t\000i\000o\000n\000\040\000D\000o\000c\000u\000m\000e\000n\000t\000a\000t\000i\000o\000n}{section.6.6}% 83
\BOOKMARK [3][-]{subsubsection.6.6.2.1}{\376\377\0006\000.\0006\000.\0002\000.\0001\000\040\000b\000u\000y\000P\000r\000o\000d\000\050\000\051}{subsection.6.6.2}% 84
\BOOKMARK [3][-]{subsubsection.6.6.2.2}{\376\377\0006\000.\0006\000.\0002\000.\0002\000\040\000g\000e\000t\000A\000l\000l\000P\000r\000o\000d\000\050\000\051}{subsection.6.6.2}% 85
\BOOKMARK [3][-]{subsubsection.6.6.2.3}{\376\377\0006\000.\0006\000.\0002\000.\0003\000\040\000g\000e\000t\000A\000l\000l\000U\000s\000e\000r\000\050\000\051}{subsection.6.6.2}% 86
\BOOKMARK [3][-]{subsubsection.6.6.2.4}{\376\377\0006\000.\0006\000.\0002\000.\0004\000\040\000g\000e\000t\000U\000s\000e\000r\000\050\000\051}{subsection.6.6.2}% 87
\BOOKMARK [3][-]{subsubsection.6.6.2.5}{\376\377\0006\000.\0006\000.\0002\000.\0005\000\040\000r\000e\000g\000i\000s\000t\000e\000r\000P\000r\000o\000d\000\050\000\051}{subsection.6.6.2}% 88
\BOOKMARK [3][-]{subsubsection.6.6.2.6}{\376\377\0006\000.\0006\000.\0002\000.\0006\000\040\000r\000e\000g\000i\000s\000t\000e\000r\000U\000s\000e\000r\000\050\000\051}{subsection.6.6.2}% 89
\BOOKMARK [3][-]{subsubsection.6.6.2.7}{\376\377\0006\000.\0006\000.\0002\000.\0007\000\040\000s\000e\000a\000r\000c\000h\000P\000r\000o\000d\000\050\000\051}{subsection.6.6.2}% 90
\BOOKMARK [3][-]{subsubsection.6.6.2.8}{\376\377\0006\000.\0006\000.\0002\000.\0008\000\040\000s\000e\000n\000d\000M\000o\000n\000e\000y\000\050\000\051}{subsection.6.6.2}% 91
\BOOKMARK [1][-]{section.6.7}{\376\377\0006\000.\0007\000\040\000e\000s\000.\000d\000e\000u\000s\000t\000o\000.\000s\000e\000r\000v\000e\000r\000.\000J\000U\000n\000i\000t\000T\000e\000s\000t\000\040\000C\000l\000a\000s\000s\000\040\000R\000e\000f\000e\000r\000e\000n\000c\000e}{chapter.6}% 92
\BOOKMARK [2][-]{subsection.6.7.1}{\376\377\0006\000.\0007\000.\0001\000\040\000D\000e\000t\000a\000i\000l\000e\000d\000\040\000D\000e\000s\000c\000r\000i\000p\000t\000i\000o\000n}{section.6.7}% 93
\BOOKMARK [2][-]{subsection.6.7.2}{\376\377\0006\000.\0007\000.\0002\000\040\000M\000e\000m\000b\000e\000r\000\040\000F\000u\000n\000c\000t\000i\000o\000n\000\040\000D\000o\000c\000u\000m\000e\000n\000t\000a\000t\000i\000o\000n}{section.6.7}% 94
\BOOKMARK [3][-]{subsubsection.6.7.2.1}{\376\377\0006\000.\0007\000.\0002\000.\0001\000\040\000R\000e\000g\000i\000s\000t\000e\000r\000P\000r\000o\000d\000u\000c\000t\000T\000e\000s\000t\000\050\000\051}{subsection.6.7.2}% 95
\BOOKMARK [3][-]{subsubsection.6.7.2.2}{\376\377\0006\000.\0007\000.\0002\000.\0002\000\040\000s\000e\000t\000U\000p\000\050\000\051}{subsection.6.7.2}% 96
\BOOKMARK [3][-]{subsubsection.6.7.2.3}{\376\377\0006\000.\0007\000.\0002\000.\0003\000\040\000s\000e\000t\000U\000p\000U\000s\000e\000r\000\050\000\051}{subsection.6.7.2}% 97
\BOOKMARK [3][-]{subsubsection.6.7.2.4}{\376\377\0006\000.\0007\000.\0002\000.\0004\000\040\000s\000t\000a\000b\000l\000i\000s\000h\000C\000o\000n\000n\000e\000c\000t\000i\000o\000n\000\050\000\051}{subsection.6.7.2}% 98
\BOOKMARK [3][-]{subsubsection.6.7.2.5}{\376\377\0006\000.\0007\000.\0002\000.\0005\000\040\000s\000u\000i\000t\000e\000\050\000\051}{subsection.6.7.2}% 99
\BOOKMARK [3][-]{subsubsection.6.7.2.6}{\376\377\0006\000.\0007\000.\0002\000.\0006\000\040\000t\000e\000a\000r\000D\000o\000w\000n\000\050\000\051}{subsection.6.7.2}% 100
\BOOKMARK [3][-]{subsubsection.6.7.2.7}{\376\377\0006\000.\0007\000.\0002\000.\0007\000\040\000t\000e\000s\000t\000B\000u\000y\000P\000r\000o\000d\000u\000c\000t\000\050\000\051}{subsection.6.7.2}% 101
\BOOKMARK [3][-]{subsubsection.6.7.2.8}{\376\377\0006\000.\0007\000.\0002\000.\0008\000\040\000t\000e\000s\000t\000G\000e\000t\000A\000l\000l\000P\000r\000o\000d\000\050\000\051}{subsection.6.7.2}% 102
\BOOKMARK [3][-]{subsubsection.6.7.2.9}{\376\377\0006\000.\0007\000.\0002\000.\0009\000\040\000t\000e\000s\000t\000G\000e\000t\000A\000m\000o\000u\000n\000t\000\050\000\051}{subsection.6.7.2}% 103
\BOOKMARK [3][-]{subsubsection.6.7.2.10}{\376\377\0006\000.\0007\000.\0002\000.\0001\0000\000\040\000t\000e\000s\000t\000G\000e\000t\000C\000h\000a\000r\000a\000c\000t\000e\000r\000i\000s\000t\000i\000c\000s\000\050\000\051}{subsection.6.7.2}% 104
\BOOKMARK [3][-]{subsubsection.6.7.2.11}{\376\377\0006\000.\0007\000.\0002\000.\0001\0001\000\040\000t\000e\000s\000t\000G\000e\000t\000L\000o\000g\000i\000n\000\050\000\051}{subsection.6.7.2}% 105
\BOOKMARK [3][-]{subsubsection.6.7.2.12}{\376\377\0006\000.\0007\000.\0002\000.\0001\0002\000\040\000t\000e\000s\000t\000G\000e\000t\000M\000o\000n\000e\000y\000\050\000\051}{subsection.6.7.2}% 106
\BOOKMARK [3][-]{subsubsection.6.7.2.13}{\376\377\0006\000.\0007\000.\0002\000.\0001\0003\000\040\000t\000e\000s\000t\000G\000e\000t\000N\000a\000m\000e\000\050\000\051}{subsection.6.7.2}% 107
\BOOKMARK [3][-]{subsubsection.6.7.2.14}{\376\377\0006\000.\0007\000.\0002\000.\0001\0004\000\040\000t\000e\000s\000t\000G\000e\000t\000P\000a\000s\000s\000w\000o\000r\000d\000\050\000\051}{subsection.6.7.2}% 108
\BOOKMARK [3][-]{subsubsection.6.7.2.15}{\376\377\0006\000.\0007\000.\0002\000.\0001\0005\000\040\000t\000e\000s\000t\000G\000e\000t\000P\000r\000o\000d\000\050\000\051}{subsection.6.7.2}% 109
\BOOKMARK [3][-]{subsubsection.6.7.2.16}{\376\377\0006\000.\0007\000.\0002\000.\0001\0006\000\040\000t\000e\000s\000t\000G\000e\000t\000S\000e\000n\000d\000e\000r\000\050\000\051}{subsection.6.7.2}% 110
\BOOKMARK [3][-]{subsubsection.6.7.2.17}{\376\377\0006\000.\0007\000.\0002\000.\0001\0007\000\040\000t\000e\000s\000t\000G\000e\000t\000U\000s\000e\000r\000\050\000\051}{subsection.6.7.2}% 111
\BOOKMARK [3][-]{subsubsection.6.7.2.18}{\376\377\0006\000.\0007\000.\0002\000.\0001\0008\000\040\000t\000e\000s\000t\000R\000e\000g\000i\000s\000t\000e\000r\000U\000s\000e\000r\000\050\000\051}{subsection.6.7.2}% 112
\BOOKMARK [3][-]{subsubsection.6.7.2.19}{\376\377\0006\000.\0007\000.\0002\000.\0001\0009\000\040\000t\000e\000s\000t\000R\000e\000t\000r\000i\000e\000v\000e\000M\000o\000n\000e\000y\000\050\000\051}{subsection.6.7.2}% 113
\BOOKMARK [3][-]{subsubsection.6.7.2.20}{\376\377\0006\000.\0007\000.\0002\000.\0002\0000\000\040\000t\000e\000s\000t\000R\000e\000t\000r\000i\000e\000v\000e\000U\000s\000e\000r\000\050\000\051}{subsection.6.7.2}% 114
\BOOKMARK [3][-]{subsubsection.6.7.2.21}{\376\377\0006\000.\0007\000.\0002\000.\0002\0001\000\040\000t\000e\000s\000t\000S\000e\000a\000r\000c\000h\000P\000r\000o\000d\000u\000c\000t\000\050\000\051}{subsection.6.7.2}% 115
\BOOKMARK [3][-]{subsubsection.6.7.2.22}{\376\377\0006\000.\0007\000.\0002\000.\0002\0002\000\040\000t\000e\000s\000t\000S\000e\000n\000d\000M\000o\000n\000e\000y\000\050\000\051}{subsection.6.7.2}% 116
\BOOKMARK [3][-]{subsubsection.6.7.2.23}{\376\377\0006\000.\0007\000.\0002\000.\0002\0003\000\040\000t\000e\000s\000t\000S\000t\000o\000r\000e\000M\000o\000n\000e\000y\000\050\000\051}{subsection.6.7.2}% 117
\BOOKMARK [3][-]{subsubsection.6.7.2.24}{\376\377\0006\000.\0007\000.\0002\000.\0002\0004\000\040\000t\000e\000s\000t\000S\000t\000o\000r\000e\000P\000r\000o\000d\000u\000c\000t\000\050\000\051}{subsection.6.7.2}% 118
\BOOKMARK [3][-]{subsubsection.6.7.2.25}{\376\377\0006\000.\0007\000.\0002\000.\0002\0005\000\040\000t\000e\000s\000t\000S\000t\000o\000r\000e\000U\000s\000e\000r\000\050\000\051}{subsection.6.7.2}% 119
\BOOKMARK [3][-]{subsubsection.6.7.2.26}{\376\377\0006\000.\0007\000.\0002\000.\0002\0006\000\040\000t\000e\000s\000t\000U\000p\000d\000a\000t\000e\000M\000o\000n\000e\000y\000\050\000\051}{subsection.6.7.2}% 120
\BOOKMARK [3][-]{subsubsection.6.7.2.27}{\376\377\0006\000.\0007\000.\0002\000.\0002\0007\000\040\000t\000e\000s\000t\000U\000p\000d\000a\000t\000e\000P\000r\000o\000d\000u\000c\000t\000\050\000\051}{subsection.6.7.2}% 121
\BOOKMARK [1][-]{section.6.8}{\376\377\0006\000.\0008\000\040\000e\000s\000.\000d\000e\000u\000s\000t\000o\000.\000s\000e\000r\000v\000e\000r\000.\000d\000b\000.\000d\000a\000t\000a\000.\000M\000o\000n\000e\000y\000\040\000C\000l\000a\000s\000s\000\040\000R\000e\000f\000e\000r\000e\000n\000c\000e}{chapter.6}% 122
\BOOKMARK [2][-]{subsection.6.8.1}{\376\377\0006\000.\0008\000.\0001\000\040\000D\000e\000t\000a\000i\000l\000e\000d\000\040\000D\000e\000s\000c\000r\000i\000p\000t\000i\000o\000n}{section.6.8}% 123
\BOOKMARK [2][-]{subsection.6.8.2}{\376\377\0006\000.\0008\000.\0002\000\040\000C\000o\000n\000s\000t\000r\000u\000c\000t\000o\000r\000\040\000\046\000\040\000D\000e\000s\000t\000r\000u\000c\000t\000o\000r\000\040\000D\000o\000c\000u\000m\000e\000n\000t\000a\000t\000i\000o\000n}{section.6.8}% 124
\BOOKMARK [3][-]{subsubsection.6.8.2.1}{\376\377\0006\000.\0008\000.\0002\000.\0001\000\040\000M\000o\000n\000e\000y\000\050\000\051}{subsection.6.8.2}% 125
\BOOKMARK [2][-]{subsection.6.8.3}{\376\377\0006\000.\0008\000.\0003\000\040\000M\000e\000m\000b\000e\000r\000\040\000F\000u\000n\000c\000t\000i\000o\000n\000\040\000D\000o\000c\000u\000m\000e\000n\000t\000a\000t\000i\000o\000n}{section.6.8}% 126
\BOOKMARK [3][-]{subsubsection.6.8.3.1}{\376\377\0006\000.\0008\000.\0003\000.\0001\000\040\000g\000e\000t\000A\000m\000o\000u\000n\000t\000\050\000\051}{subsection.6.8.3}% 127
\BOOKMARK [3][-]{subsubsection.6.8.3.2}{\376\377\0006\000.\0008\000.\0003\000.\0002\000\040\000g\000e\000t\000P\000r\000o\000d\000\050\000\051}{subsection.6.8.3}% 128
\BOOKMARK [3][-]{subsubsection.6.8.3.3}{\376\377\0006\000.\0008\000.\0003\000.\0003\000\040\000g\000e\000t\000S\000e\000n\000d\000e\000r\000\050\000\051}{subsection.6.8.3}% 129
\BOOKMARK [3][-]{subsubsection.6.8.3.4}{\376\377\0006\000.\0008\000.\0003\000.\0004\000\040\000s\000e\000t\000P\000r\000o\000d\000u\000c\000t\000\050\000\051}{subsection.6.8.3}% 130
\BOOKMARK [3][-]{subsubsection.6.8.3.5}{\376\377\0006\000.\0008\000.\0003\000.\0005\000\040\000s\000e\000t\000U\000s\000e\000r\000S\000e\000n\000d\000i\000n\000g\000\050\000\051}{subsection.6.8.3}% 131
\BOOKMARK [3][-]{subsubsection.6.8.3.6}{\376\377\0006\000.\0008\000.\0003\000.\0006\000\040\000t\000o\000S\000t\000r\000i\000n\000g\000\050\000\051}{subsection.6.8.3}% 132
\BOOKMARK [1][-]{section.6.9}{\376\377\0006\000.\0009\000\040\000e\000s\000.\000d\000e\000u\000s\000t\000o\000.\000c\000l\000i\000e\000n\000t\000.\000N\000e\000w\000P\000r\000o\000d\000W\000i\000n\000d\000o\000w\000\040\000C\000l\000a\000s\000s\000\040\000R\000e\000f\000e\000r\000e\000n\000c\000e}{chapter.6}% 133
\BOOKMARK [2][-]{subsection.6.9.1}{\376\377\0006\000.\0009\000.\0001\000\040\000D\000e\000t\000a\000i\000l\000e\000d\000\040\000D\000e\000s\000c\000r\000i\000p\000t\000i\000o\000n}{section.6.9}% 134
\BOOKMARK [2][-]{subsection.6.9.2}{\376\377\0006\000.\0009\000.\0002\000\040\000C\000o\000n\000s\000t\000r\000u\000c\000t\000o\000r\000\040\000\046\000\040\000D\000e\000s\000t\000r\000u\000c\000t\000o\000r\000\040\000D\000o\000c\000u\000m\000e\000n\000t\000a\000t\000i\000o\000n}{section.6.9}% 135
\BOOKMARK [3][-]{subsubsection.6.9.2.1}{\376\377\0006\000.\0009\000.\0002\000.\0001\000\040\000N\000e\000w\000P\000r\000o\000d\000W\000i\000n\000d\000o\000w\000\050\000\051}{subsection.6.9.2}% 136
\BOOKMARK [2][-]{subsection.6.9.3}{\376\377\0006\000.\0009\000.\0003\000\040\000M\000e\000m\000b\000e\000r\000\040\000F\000u\000n\000c\000t\000i\000o\000n\000\040\000D\000o\000c\000u\000m\000e\000n\000t\000a\000t\000i\000o\000n}{section.6.9}% 137
\BOOKMARK [3][-]{subsubsection.6.9.3.1}{\376\377\0006\000.\0009\000.\0003\000.\0001\000\040\000a\000c\000t\000i\000o\000n\000P\000e\000r\000f\000o\000r\000m\000e\000d\000\050\000\051}{subsection.6.9.3}% 138
\BOOKMARK [3][-]{subsubsection.6.9.3.2}{\376\377\0006\000.\0009\000.\0003\000.\0002\000\040\000s\000e\000t\000T\000r\000a\000n\000s\000f\000e\000r\000e\000r\000\050\000\051}{subsection.6.9.3}% 139
\BOOKMARK [1][-]{section.6.10}{\376\377\0006\000.\0001\0000\000\040\000e\000s\000.\000d\000e\000u\000s\000t\000o\000.\000s\000e\000r\000v\000e\000r\000.\000d\000b\000.\000d\000a\000t\000a\000.\000P\000r\000o\000d\000u\000c\000t\000\040\000C\000l\000a\000s\000s\000\040\000R\000e\000f\000e\000r\000e\000n\000c\000e}{chapter.6}% 140
\BOOKMARK [2][-]{subsection.6.10.1}{\376\377\0006\000.\0001\0000\000.\0001\000\040\000D\000e\000t\000a\000i\000l\000e\000d\000\040\000D\000e\000s\000c\000r\000i\000p\000t\000i\000o\000n}{section.6.10}% 141
\BOOKMARK [2][-]{subsection.6.10.2}{\376\377\0006\000.\0001\0000\000.\0002\000\040\000C\000o\000n\000s\000t\000r\000u\000c\000t\000o\000r\000\040\000\046\000\040\000D\000e\000s\000t\000r\000u\000c\000t\000o\000r\000\040\000D\000o\000c\000u\000m\000e\000n\000t\000a\000t\000i\000o\000n}{section.6.10}% 142
\BOOKMARK [3][-]{subsubsection.6.10.2.1}{\376\377\0006\000.\0001\0000\000.\0002\000.\0001\000\040\000P\000r\000o\000d\000u\000c\000t\000\050\000\051}{subsection.6.10.2}% 143
\BOOKMARK [2][-]{subsection.6.10.3}{\376\377\0006\000.\0001\0000\000.\0003\000\040\000M\000e\000m\000b\000e\000r\000\040\000F\000u\000n\000c\000t\000i\000o\000n\000\040\000D\000o\000c\000u\000m\000e\000n\000t\000a\000t\000i\000o\000n}{section.6.10}% 144
\BOOKMARK [3][-]{subsubsection.6.10.3.1}{\376\377\0006\000.\0001\0000\000.\0003\000.\0001\000\040\000d\000n\000G\000e\000t\000u\000s\000e\000r\000\050\000\051}{subsection.6.10.3}% 145
\BOOKMARK [3][-]{subsubsection.6.10.3.2}{\376\377\0006\000.\0001\0000\000.\0003\000.\0002\000\040\000g\000e\000t\000B\000u\000y\000e\000r\000s\000P\000a\000y\000m\000e\000n\000t\000\050\000\051}{subsection.6.10.3}% 146
\BOOKMARK [3][-]{subsubsection.6.10.3.3}{\376\377\0006\000.\0001\0000\000.\0003\000.\0003\000\040\000g\000e\000t\000C\000h\000a\000r\000a\000c\000t\000e\000r\000i\000s\000t\000i\000c\000s\000\050\000\051}{subsection.6.10.3}% 147
\BOOKMARK [3][-]{subsubsection.6.10.3.4}{\376\377\0006\000.\0001\0000\000.\0003\000.\0004\000\040\000g\000e\000t\000N\000a\000m\000e\000\050\000\051}{subsection.6.10.3}% 148
\BOOKMARK [3][-]{subsubsection.6.10.3.5}{\376\377\0006\000.\0001\0000\000.\0003\000.\0005\000\040\000s\000e\000t\000N\000a\000m\000e\000\050\000\051}{subsection.6.10.3}% 149
\BOOKMARK [3][-]{subsubsection.6.10.3.6}{\376\377\0006\000.\0001\0000\000.\0003\000.\0006\000\040\000s\000e\000t\000O\000w\000n\000e\000r\000\050\000\051}{subsection.6.10.3}% 150
\BOOKMARK [3][-]{subsubsection.6.10.3.7}{\376\377\0006\000.\0001\0000\000.\0003\000.\0007\000\040\000t\000o\000S\000t\000r\000i\000n\000g\000\050\000\051}{subsection.6.10.3}% 151
\BOOKMARK [3][-]{subsubsection.6.10.3.8}{\376\377\0006\000.\0001\0000\000.\0003\000.\0008\000\040\000t\000o\000S\000t\000r\000i\000n\000g\000S\000h\000o\000r\000t\000\050\000\051}{subsection.6.10.3}% 152
\BOOKMARK [1][-]{section.6.11}{\376\377\0006\000.\0001\0001\000\040\000e\000s\000.\000d\000e\000u\000s\000t\000o\000.\000s\000e\000r\000v\000e\000r\000.\000S\000e\000r\000v\000e\000r\000\040\000C\000l\000a\000s\000s\000\040\000R\000e\000f\000e\000r\000e\000n\000c\000e}{chapter.6}% 153
\BOOKMARK [2][-]{subsection.6.11.1}{\376\377\0006\000.\0001\0001\000.\0001\000\040\000D\000e\000t\000a\000i\000l\000e\000d\000\040\000D\000e\000s\000c\000r\000i\000p\000t\000i\000o\000n}{section.6.11}% 154
\BOOKMARK [2][-]{subsection.6.11.2}{\376\377\0006\000.\0001\0001\000.\0002\000\040\000M\000e\000m\000b\000e\000r\000\040\000F\000u\000n\000c\000t\000i\000o\000n\000\040\000D\000o\000c\000u\000m\000e\000n\000t\000a\000t\000i\000o\000n}{section.6.11}% 155
\BOOKMARK [3][-]{subsubsection.6.11.2.1}{\376\377\0006\000.\0001\0001\000.\0002\000.\0001\000\040\000m\000a\000i\000n\000\050\000\051}{subsection.6.11.2}% 156
\BOOKMARK [1][-]{section.6.12}{\376\377\0006\000.\0001\0002\000\040\000e\000s\000.\000d\000e\000u\000s\000t\000o\000.\000s\000e\000r\000v\000e\000r\000.\000r\000e\000m\000o\000t\000e\000.\000T\000r\000a\000n\000s\000f\000e\000r\000e\000r\000\040\000C\000l\000a\000s\000s\000\040\000R\000e\000f\000e\000r\000e\000n\000c\000e}{chapter.6}% 157
\BOOKMARK [2][-]{subsection.6.12.1}{\376\377\0006\000.\0001\0002\000.\0001\000\040\000D\000e\000t\000a\000i\000l\000e\000d\000\040\000D\000e\000s\000c\000r\000i\000p\000t\000i\000o\000n}{section.6.12}% 158
\BOOKMARK [2][-]{subsection.6.12.2}{\376\377\0006\000.\0001\0002\000.\0002\000\040\000C\000o\000n\000s\000t\000r\000u\000c\000t\000o\000r\000\040\000\046\000\040\000D\000e\000s\000t\000r\000u\000c\000t\000o\000r\000\040\000D\000o\000c\000u\000m\000e\000n\000t\000a\000t\000i\000o\000n}{section.6.12}% 159
\BOOKMARK [3][-]{subsubsection.6.12.2.1}{\376\377\0006\000.\0001\0002\000.\0002\000.\0001\000\040\000T\000r\000a\000n\000s\000f\000e\000r\000e\000r\000\050\000\051\000\040\000[\0001\000/\0002\000]}{subsection.6.12.2}% 160
\BOOKMARK [3][-]{subsubsection.6.12.2.2}{\376\377\0006\000.\0001\0002\000.\0002\000.\0002\000\040\000T\000r\000a\000n\000s\000f\000e\000r\000e\000r\000\050\000\051\000\040\000[\0002\000/\0002\000]}{subsection.6.12.2}% 161
\BOOKMARK [2][-]{subsection.6.12.3}{\376\377\0006\000.\0001\0002\000.\0003\000\040\000M\000e\000m\000b\000e\000r\000\040\000F\000u\000n\000c\000t\000i\000o\000n\000\040\000D\000o\000c\000u\000m\000e\000n\000t\000a\000t\000i\000o\000n}{section.6.12}% 162
\BOOKMARK [3][-]{subsubsection.6.12.3.1}{\376\377\0006\000.\0001\0002\000.\0003\000.\0001\000\040\000b\000u\000y\000P\000r\000o\000d\000\050\000\051}{subsection.6.12.3}% 163
\BOOKMARK [3][-]{subsubsection.6.12.3.2}{\376\377\0006\000.\0001\0002\000.\0003\000.\0002\000\040\000g\000e\000t\000A\000l\000l\000P\000r\000o\000d\000\050\000\051}{subsection.6.12.3}% 164
\BOOKMARK [3][-]{subsubsection.6.12.3.3}{\376\377\0006\000.\0001\0002\000.\0003\000.\0003\000\040\000g\000e\000t\000A\000l\000l\000U\000s\000e\000r\000\050\000\051}{subsection.6.12.3}% 165
\BOOKMARK [3][-]{subsubsection.6.12.3.4}{\376\377\0006\000.\0001\0002\000.\0003\000.\0004\000\040\000g\000e\000t\000U\000s\000e\000r\000\050\000\051}{subsection.6.12.3}% 166
\BOOKMARK [3][-]{subsubsection.6.12.3.5}{\376\377\0006\000.\0001\0002\000.\0003\000.\0005\000\040\000r\000e\000g\000i\000s\000t\000e\000r\000P\000r\000o\000d\000\050\000\051}{subsection.6.12.3}% 167
\BOOKMARK [3][-]{subsubsection.6.12.3.6}{\376\377\0006\000.\0001\0002\000.\0003\000.\0006\000\040\000r\000e\000g\000i\000s\000t\000e\000r\000U\000s\000e\000r\000\050\000\051}{subsection.6.12.3}% 168
\BOOKMARK [3][-]{subsubsection.6.12.3.7}{\376\377\0006\000.\0001\0002\000.\0003\000.\0007\000\040\000s\000e\000a\000r\000c\000h\000P\000r\000o\000d\000\050\000\051}{subsection.6.12.3}% 169
\BOOKMARK [3][-]{subsubsection.6.12.3.8}{\376\377\0006\000.\0001\0002\000.\0003\000.\0008\000\040\000s\000e\000n\000d\000M\000o\000n\000e\000y\000\050\000\051}{subsection.6.12.3}% 170
\BOOKMARK [1][-]{section.6.13}{\376\377\0006\000.\0001\0003\000\040\000e\000s\000.\000d\000e\000u\000s\000t\000o\000.\000s\000e\000r\000v\000e\000r\000.\000d\000b\000.\000d\000a\000t\000a\000.\000U\000s\000e\000r\000\040\000C\000l\000a\000s\000s\000\040\000R\000e\000f\000e\000r\000e\000n\000c\000e}{chapter.6}% 171
\BOOKMARK [2][-]{subsection.6.13.1}{\376\377\0006\000.\0001\0003\000.\0001\000\040\000D\000e\000t\000a\000i\000l\000e\000d\000\040\000D\000e\000s\000c\000r\000i\000p\000t\000i\000o\000n}{section.6.13}% 172
\BOOKMARK [2][-]{subsection.6.13.2}{\376\377\0006\000.\0001\0003\000.\0002\000\040\000C\000o\000n\000s\000t\000r\000u\000c\000t\000o\000r\000\040\000\046\000\040\000D\000e\000s\000t\000r\000u\000c\000t\000o\000r\000\040\000D\000o\000c\000u\000m\000e\000n\000t\000a\000t\000i\000o\000n}{section.6.13}% 173
\BOOKMARK [3][-]{subsubsection.6.13.2.1}{\376\377\0006\000.\0001\0003\000.\0002\000.\0001\000\040\000U\000s\000e\000r\000\050\000\051}{subsection.6.13.2}% 174
\BOOKMARK [2][-]{subsection.6.13.3}{\376\377\0006\000.\0001\0003\000.\0003\000\040\000M\000e\000m\000b\000e\000r\000\040\000F\000u\000n\000c\000t\000i\000o\000n\000\040\000D\000o\000c\000u\000m\000e\000n\000t\000a\000t\000i\000o\000n}{section.6.13}% 175
\BOOKMARK [3][-]{subsubsection.6.13.3.1}{\376\377\0006\000.\0001\0003\000.\0003\000.\0001\000\040\000a\000d\000d\000M\000o\000n\000e\000y\000\050\000\051}{subsection.6.13.3}% 176
\BOOKMARK [3][-]{subsubsection.6.13.3.2}{\376\377\0006\000.\0001\0003\000.\0003\000.\0002\000\040\000g\000e\000t\000L\000o\000g\000i\000n\000\050\000\051}{subsection.6.13.3}% 177
\BOOKMARK [3][-]{subsubsection.6.13.3.3}{\376\377\0006\000.\0001\0003\000.\0003\000.\0003\000\040\000g\000e\000t\000M\000o\000n\000e\000y\000\050\000\051}{subsection.6.13.3}% 178
\BOOKMARK [3][-]{subsubsection.6.13.3.4}{\376\377\0006\000.\0001\0003\000.\0003\000.\0004\000\040\000g\000e\000t\000P\000a\000s\000s\000w\000o\000r\000d\000\050\000\051}{subsection.6.13.3}% 179
\BOOKMARK [3][-]{subsubsection.6.13.3.5}{\376\377\0006\000.\0001\0003\000.\0003\000.\0005\000\040\000g\000e\000t\000S\000u\000p\000e\000r\000\050\000\051}{subsection.6.13.3}% 180
\BOOKMARK [3][-]{subsubsection.6.13.3.6}{\376\377\0006\000.\0001\0003\000.\0003\000.\0006\000\040\000r\000e\000m\000o\000v\000e\000M\000o\000n\000e\000y\000\050\000\051}{subsection.6.13.3}% 181
\BOOKMARK [3][-]{subsubsection.6.13.3.7}{\376\377\0006\000.\0001\0003\000.\0003\000.\0007\000\040\000s\000e\000t\000A\000m\000o\000u\000n\000t\000\050\000\051}{subsection.6.13.3}% 182
\BOOKMARK [3][-]{subsubsection.6.13.3.8}{\376\377\0006\000.\0001\0003\000.\0003\000.\0008\000\040\000s\000e\000t\000P\000a\000s\000s\000w\000o\000r\000d\000\050\000\051}{subsection.6.13.3}% 183
\BOOKMARK [3][-]{subsubsection.6.13.3.9}{\376\377\0006\000.\0001\0003\000.\0003\000.\0009\000\040\000s\000e\000t\000S\000u\000p\000e\000r\000\050\000\051}{subsection.6.13.3}% 184
\BOOKMARK [3][-]{subsubsection.6.13.3.10}{\376\377\0006\000.\0001\0003\000.\0003\000.\0001\0000\000\040\000t\000o\000S\000t\000r\000i\000n\000g\000\050\000\051}{subsection.6.13.3}% 185
\BOOKMARK [0][-]{chapter.7}{\376\377\0007\000\040\000F\000i\000l\000e\000\040\000D\000o\000c\000u\000m\000e\000n\000t\000a\000t\000i\000o\000n}{}% 186
\BOOKMARK [1][-]{section.7.1}{\376\377\0007\000.\0001\000\040\000C\000:\000/\000U\000s\000e\000r\000s\000/\000O\000i\000h\000a\000n\000e\000/\000g\000i\000t\000/\000S\000P\000Q\0000\0003\000/\000s\000p\000q\0000\0003\000/\000s\000r\000c\000/\000m\000a\000i\000n\000/\000j\000a\000v\000a\000/\000e\000s\000/\000d\000e\000u\000s\000t\000o\000/\000c\000l\000i\000e\000n\000t\000/\000C\000l\000i\000e\000n\000t\000.\000j\000a\000v\000a\000\040\000F\000i\000l\000e\000\040\000R\000e\000f\000e\000r\000e\000n\000c\000e}{chapter.7}% 187
\BOOKMARK [1][-]{section.7.2}{\376\377\0007\000.\0002\000\040\000C\000:\000/\000U\000s\000e\000r\000s\000/\000O\000i\000h\000a\000n\000e\000/\000g\000i\000t\000/\000S\000P\000Q\0000\0003\000/\000s\000p\000q\0000\0003\000/\000s\000r\000c\000/\000m\000a\000i\000n\000/\000j\000a\000v\000a\000/\000e\000s\000/\000d\000e\000u\000s\000t\000o\000/\000c\000l\000i\000e\000n\000t\000/\000N\000e\000w\000P\000r\000o\000d\000W\000i\000n\000d\000o\000w\000.\000j\000a\000v\000a\000\040\000F\000i\000l\000e\000\040\000R\000e\000f\000e\000r\000e\000n\000c\000e}{chapter.7}% 188
\BOOKMARK [1][-]{section.7.3}{\376\377\0007\000.\0003\000\040\000C\000:\000/\000U\000s\000e\000r\000s\000/\000O\000i\000h\000a\000n\000e\000/\000g\000i\000t\000/\000S\000P\000Q\0000\0003\000/\000s\000p\000q\0000\0003\000/\000s\000r\000c\000/\000m\000a\000i\000n\000/\000j\000a\000v\000a\000/\000e\000s\000/\000d\000e\000u\000s\000t\000o\000/\000s\000e\000r\000v\000e\000r\000/\000d\000b\000/\000d\000a\000o\000/\000D\000A\000O\000.\000j\000a\000v\000a\000\040\000F\000i\000l\000e\000\040\000R\000e\000f\000e\000r\000e\000n\000c\000e}{chapter.7}% 189
\BOOKMARK [1][-]{section.7.4}{\376\377\0007\000.\0004\000\040\000C\000:\000/\000U\000s\000e\000r\000s\000/\000O\000i\000h\000a\000n\000e\000/\000g\000i\000t\000/\000S\000P\000Q\0000\0003\000/\000s\000p\000q\0000\0003\000/\000s\000r\000c\000/\000m\000a\000i\000n\000/\000j\000a\000v\000a\000/\000e\000s\000/\000d\000e\000u\000s\000t\000o\000/\000s\000e\000r\000v\000e\000r\000/\000d\000b\000/\000d\000a\000o\000/\000I\000D\000A\000O\000.\000j\000a\000v\000a\000\040\000F\000i\000l\000e\000\040\000R\000e\000f\000e\000r\000e\000n\000c\000e}{chapter.7}% 190
\BOOKMARK [1][-]{section.7.5}{\376\377\0007\000.\0005\000\040\000C\000:\000/\000U\000s\000e\000r\000s\000/\000O\000i\000h\000a\000n\000e\000/\000g\000i\000t\000/\000S\000P\000Q\0000\0003\000/\000s\000p\000q\0000\0003\000/\000s\000r\000c\000/\000m\000a\000i\000n\000/\000j\000a\000v\000a\000/\000e\000s\000/\000d\000e\000u\000s\000t\000o\000/\000s\000e\000r\000v\000e\000r\000/\000d\000b\000/\000d\000a\000t\000a\000/\000M\000o\000n\000e\000y\000.\000j\000a\000v\000a\000\040\000F\000i\000l\000e\000\040\000R\000e\000f\000e\000r\000e\000n\000c\000e}{chapter.7}% 191
\BOOKMARK [1][-]{section.7.6}{\376\377\0007\000.\0006\000\040\000C\000:\000/\000U\000s\000e\000r\000s\000/\000O\000i\000h\000a\000n\000e\000/\000g\000i\000t\000/\000S\000P\000Q\0000\0003\000/\000s\000p\000q\0000\0003\000/\000s\000r\000c\000/\000m\000a\000i\000n\000/\000j\000a\000v\000a\000/\000e\000s\000/\000d\000e\000u\000s\000t\000o\000/\000s\000e\000r\000v\000e\000r\000/\000d\000b\000/\000d\000a\000t\000a\000/\000P\000r\000o\000d\000u\000c\000t\000.\000j\000a\000v\000a\000\040\000F\000i\000l\000e\000\040\000R\000e\000f\000e\000r\000e\000n\000c\000e}{chapter.7}% 192
\BOOKMARK [1][-]{section.7.7}{\376\377\0007\000.\0007\000\040\000C\000:\000/\000U\000s\000e\000r\000s\000/\000O\000i\000h\000a\000n\000e\000/\000g\000i\000t\000/\000S\000P\000Q\0000\0003\000/\000s\000p\000q\0000\0003\000/\000s\000r\000c\000/\000m\000a\000i\000n\000/\000j\000a\000v\000a\000/\000e\000s\000/\000d\000e\000u\000s\000t\000o\000/\000s\000e\000r\000v\000e\000r\000/\000d\000b\000/\000d\000a\000t\000a\000/\000U\000s\000e\000r\000.\000j\000a\000v\000a\000\040\000F\000i\000l\000e\000\040\000R\000e\000f\000e\000r\000e\000n\000c\000e}{chapter.7}% 193
\BOOKMARK [1][-]{section.7.8}{\376\377\0007\000.\0008\000\040\000C\000:\000/\000U\000s\000e\000r\000s\000/\000O\000i\000h\000a\000n\000e\000/\000g\000i\000t\000/\000S\000P\000Q\0000\0003\000/\000s\000p\000q\0000\0003\000/\000s\000r\000c\000/\000m\000a\000i\000n\000/\000j\000a\000v\000a\000/\000e\000s\000/\000d\000e\000u\000s\000t\000o\000/\000s\000e\000r\000v\000e\000r\000/\000d\000b\000/\000D\000B\000.\000j\000a\000v\000a\000\040\000F\000i\000l\000e\000\040\000R\000e\000f\000e\000r\000e\000n\000c\000e}{chapter.7}% 194
\BOOKMARK [1][-]{section.7.9}{\376\377\0007\000.\0009\000\040\000C\000:\000/\000U\000s\000e\000r\000s\000/\000O\000i\000h\000a\000n\000e\000/\000g\000i\000t\000/\000S\000P\000Q\0000\0003\000/\000s\000p\000q\0000\0003\000/\000s\000r\000c\000/\000m\000a\000i\000n\000/\000j\000a\000v\000a\000/\000e\000s\000/\000d\000e\000u\000s\000t\000o\000/\000s\000e\000r\000v\000e\000r\000/\000d\000b\000/\000I\000D\000B\000.\000j\000a\000v\000a\000\040\000F\000i\000l\000e\000\040\000R\000e\000f\000e\000r\000e\000n\000c\000e}{chapter.7}% 195
\BOOKMARK [1][-]{section.7.10}{\376\377\0007\000.\0001\0000\000\040\000C\000:\000/\000U\000s\000e\000r\000s\000/\000O\000i\000h\000a\000n\000e\000/\000g\000i\000t\000/\000S\000P\000Q\0000\0003\000/\000s\000p\000q\0000\0003\000/\000s\000r\000c\000/\000m\000a\000i\000n\000/\000j\000a\000v\000a\000/\000e\000s\000/\000d\000e\000u\000s\000t\000o\000/\000s\000e\000r\000v\000e\000r\000/\000r\000e\000m\000o\000t\000e\000/\000I\000T\000r\000a\000n\000s\000f\000e\000r\000e\000r\000.\000j\000a\000v\000a\000\040\000F\000i\000l\000e\000\040\000R\000e\000f\000e\000r\000e\000n\000c\000e}{chapter.7}% 196
\BOOKMARK [1][-]{section.7.11}{\376\377\0007\000.\0001\0001\000\040\000C\000:\000/\000U\000s\000e\000r\000s\000/\000O\000i\000h\000a\000n\000e\000/\000g\000i\000t\000/\000S\000P\000Q\0000\0003\000/\000s\000p\000q\0000\0003\000/\000s\000r\000c\000/\000m\000a\000i\000n\000/\000j\000a\000v\000a\000/\000e\000s\000/\000d\000e\000u\000s\000t\000o\000/\000s\000e\000r\000v\000e\000r\000/\000r\000e\000m\000o\000t\000e\000/\000T\000r\000a\000n\000s\000f\000e\000r\000e\000r\000.\000j\000a\000v\000a\000\040\000F\000i\000l\000e\000\040\000R\000e\000f\000e\000r\000e\000n\000c\000e}{chapter.7}% 197
\BOOKMARK [1][-]{section.7.12}{\376\377\0007\000.\0001\0002\000\040\000C\000:\000/\000U\000s\000e\000r\000s\000/\000O\000i\000h\000a\000n\000e\000/\000g\000i\000t\000/\000S\000P\000Q\0000\0003\000/\000s\000p\000q\0000\0003\000/\000s\000r\000c\000/\000m\000a\000i\000n\000/\000j\000a\000v\000a\000/\000e\000s\000/\000d\000e\000u\000s\000t\000o\000/\000s\000e\000r\000v\000e\000r\000/\000S\000e\000r\000v\000e\000r\000.\000j\000a\000v\000a\000\040\000F\000i\000l\000e\000\040\000R\000e\000f\000e\000r\000e\000n\000c\000e}{chapter.7}% 198
\BOOKMARK [1][-]{section.7.13}{\376\377\0007\000.\0001\0003\000\040\000C\000:\000/\000U\000s\000e\000r\000s\000/\000O\000i\000h\000a\000n\000e\000/\000g\000i\000t\000/\000S\000P\000Q\0000\0003\000/\000s\000p\000q\0000\0003\000/\000s\000r\000c\000/\000t\000e\000s\000t\000/\000j\000a\000v\000a\000/\000e\000s\000/\000d\000e\000u\000s\000t\000o\000/\000s\000e\000r\000v\000e\000r\000/\000J\000U\000n\000i\000t\000T\000e\000s\000t\000.\000j\000a\000v\000a\000\040\000F\000i\000l\000e\000\040\000R\000e\000f\000e\000r\000e\000n\000c\000e}{chapter.7}% 199
\BOOKMARK [0][-]{section*.64}{\376\377\000I\000n\000d\000e\000x}{}% 200
