02:49:14> DEBUG (Log4JLogger.java:63): Using PluginRegistry org.datanucleus.plugin.NonManagedPluginRegistry
02:49:14> DEBUG (Log4JLogger.java:63): Registering bundle org.sonatype.inject version 2.3.0 at URL file:/C:/Users/Jorge/.m2/repository/org/sonatype/sisu/sisu-inject-bean/2.3.0/sisu-inject-bean-2.3.0.jar.
02:49:14> DEBUG (Log4JLogger.java:63): Loading extension points from plug-in file jar:file:/C:/Users/Jorge/.m2/repository/org/sonatype/sisu/sisu-inject-bean/2.3.0/sisu-inject-bean-2.3.0.jar!/plugin.xml.
02:49:14> DEBUG (Log4JLogger.java:63): Loading extensions from plug-in file jar:file:/C:/Users/Jorge/.m2/repository/org/sonatype/sisu/sisu-inject-bean/2.3.0/sisu-inject-bean-2.3.0.jar!/plugin.xml.
02:49:14> DEBUG (Log4JLogger.java:63): Registering bundle org.datanucleus version 5.1.0.m2 at URL file:/C:/Users/Jorge/.m2/repository/org/datanucleus/datanucleus-core/5.1.0-m2/datanucleus-core-5.1.0-m2.jar.
02:49:14> DEBUG (Log4JLogger.java:63): Loading extension points from plug-in file jar:file:/C:/Users/Jorge/.m2/repository/org/datanucleus/datanucleus-core/5.1.0-m2/datanucleus-core-5.1.0-m2.jar!/plugin.xml.
02:49:15> DEBUG (Log4JLogger.java:63): Loading extensions from plug-in file jar:file:/C:/Users/Jorge/.m2/repository/org/datanucleus/datanucleus-core/5.1.0-m2/datanucleus-core-5.1.0-m2.jar!/plugin.xml.
02:49:15> DEBUG (Log4JLogger.java:63): Registering bundle org.datanucleus.api.jdo version 5.1.0.m2 at URL file:/C:/Users/Jorge/.m2/repository/org/datanucleus/datanucleus-api-jdo/5.1.0-m2/datanucleus-api-jdo-5.1.0-m2.jar.
02:49:15> DEBUG (Log4JLogger.java:63): Loading extension points from plug-in file jar:file:/C:/Users/Jorge/.m2/repository/org/datanucleus/datanucleus-api-jdo/5.1.0-m2/datanucleus-api-jdo-5.1.0-m2.jar!/plugin.xml.
02:49:15> DEBUG (Log4JLogger.java:63): Loading extensions from plug-in file jar:file:/C:/Users/Jorge/.m2/repository/org/datanucleus/datanucleus-api-jdo/5.1.0-m2/datanucleus-api-jdo-5.1.0-m2.jar!/plugin.xml.
02:49:15> DEBUG (Log4JLogger.java:63): Registering bundle org.datanucleus.store.rdbms version 5.1.0.m2 at URL file:/C:/Users/Jorge/.m2/repository/org/datanucleus/datanucleus-rdbms/5.1.0-m2/datanucleus-rdbms-5.1.0-m2.jar.
02:49:15> DEBUG (Log4JLogger.java:63): Loading extension points from plug-in file jar:file:/C:/Users/Jorge/.m2/repository/org/datanucleus/datanucleus-rdbms/5.1.0-m2/datanucleus-rdbms-5.1.0-m2.jar!/plugin.xml.
02:49:15> DEBUG (Log4JLogger.java:63): Loading extensions from plug-in file jar:file:/C:/Users/Jorge/.m2/repository/org/datanucleus/datanucleus-rdbms/5.1.0-m2/datanucleus-rdbms-5.1.0-m2.jar!/plugin.xml.
02:49:15> DEBUG (Log4JLogger.java:63): Tipos de Java inicializando ...
02:49:15> DEBUG (Log4JLogger.java:63): Soporte para tipos de Java listo : tipos soportados = [B, [C, [D, [F, [I, [J, [Ljava.lang.Boolean;, [Ljava.lang.Byte;, [Ljava.lang.Character;, [Ljava.lang.Double;, [Ljava.lang.Enum;, [Ljava.lang.Float;, [Ljava.lang.Integer;, [Ljava.lang.Long;, [Ljava.lang.Number;, [Ljava.lang.Object;, [Ljava.lang.Short;, [Ljava.lang.String;, [Ljava.math.BigDecimal;, [Ljava.math.BigInteger;, [Ljava.util.Date;, [Ljava.util.Locale;, [S, [Z, boolean, byte, char, double, float, int, java.awt.Color, java.awt.image.BufferedImage, java.lang.Boolean, java.lang.Byte, java.lang.Character, java.lang.Class, java.lang.Double, java.lang.Enum, java.lang.Float, java.lang.Integer, java.lang.Long, java.lang.Number, java.lang.Short, java.lang.String, java.lang.StringBuffer, java.lang.StringBuilder, java.math.BigDecimal, java.math.BigInteger, java.net.URI, java.net.URL, java.sql.Date, java.sql.Time, java.sql.Timestamp, java.time.Duration, java.time.Instant, java.time.LocalDate, java.time.LocalDateTime, java.time.LocalTime, java.time.MonthDay, java.time.OffsetDateTime, java.time.OffsetTime, java.time.Period, java.time.Year, java.time.YearMonth, java.time.ZonedDateTime, java.time.ZoneId, java.time.ZoneOffset, java.util.ArrayList, java.util.Arrays$ArrayList, java.util.BitSet, java.util.Calendar, java.util.Collection, java.util.Currency, java.util.Date, java.util.GregorianCalendar, java.util.HashMap, java.util.HashSet, java.util.Hashtable, java.util.LinkedHashMap, java.util.LinkedHashSet, java.util.LinkedList, java.util.List, java.util.Locale, java.util.Map, java.util.Optional, java.util.PriorityQueue, java.util.Properties, java.util.Queue, java.util.Set, java.util.SortedMap, java.util.SortedSet, java.util.Stack, java.util.TimeZone, java.util.TreeMap, java.util.TreeSet, java.util.UUID, java.util.Vector, long, short
02:49:15> DEBUG (Log4JLogger.java:63): Inicializando TypeConverters ...
02:49:16> DEBUG (Log4JLogger.java:63): TypeConverters listo
02:49:16> DEBUG (Log4JLogger.java:63): TypeConverter(s) available for byte[] to : java.nio.ByteBuffer
02:49:16> DEBUG (Log4JLogger.java:63): TypeConverter(s) available for char[] to : java.nio.ByteBuffer
02:49:16> DEBUG (Log4JLogger.java:63): TypeConverter(s) available for double[] to : java.nio.ByteBuffer
02:49:16> DEBUG (Log4JLogger.java:63): TypeConverter(s) available for float[] to : java.nio.ByteBuffer
02:49:16> DEBUG (Log4JLogger.java:63): TypeConverter(s) available for int[] to : java.nio.ByteBuffer
02:49:16> DEBUG (Log4JLogger.java:63): TypeConverter(s) available for long[] to : java.nio.ByteBuffer
02:49:16> DEBUG (Log4JLogger.java:63): TypeConverter(s) available for short[] to : java.nio.ByteBuffer
02:49:16> DEBUG (Log4JLogger.java:63): TypeConverter(s) available for boolean[] to : java.nio.ByteBuffer
02:49:16> DEBUG (Log4JLogger.java:63): TypeConverter(s) available for java.awt.Color to : int[],java.lang.String
02:49:16> DEBUG (Log4JLogger.java:63): TypeConverter(s) available for java.awt.image.BufferedImage to : byte[],java.nio.ByteBuffer
02:49:16> DEBUG (Log4JLogger.java:63): TypeConverter(s) available for java.io.Serializable to : byte[],java.lang.String,java.nio.ByteBuffer
02:49:16> DEBUG (Log4JLogger.java:63): TypeConverter(s) available for java.lang.Boolean to : java.lang.Character,java.lang.Integer
02:49:16> DEBUG (Log4JLogger.java:63): TypeConverter(s) available for java.lang.Character to : java.lang.String
02:49:16> DEBUG (Log4JLogger.java:63): TypeConverter(s) available for java.lang.Class to : java.lang.String
02:49:16> DEBUG (Log4JLogger.java:63): TypeConverter(s) available for java.lang.Integer to : java.lang.String
02:49:16> DEBUG (Log4JLogger.java:63): TypeConverter(s) available for java.lang.Long to : java.lang.String
02:49:16> DEBUG (Log4JLogger.java:63): TypeConverter(s) available for java.lang.StringBuffer to : java.lang.String
02:49:16> DEBUG (Log4JLogger.java:63): TypeConverter(s) available for java.lang.StringBuilder to : java.lang.String
02:49:16> DEBUG (Log4JLogger.java:63): TypeConverter(s) available for java.math.BigDecimal to : java.lang.String,java.lang.Double,java.nio.ByteBuffer
02:49:16> DEBUG (Log4JLogger.java:63): TypeConverter(s) available for java.math.BigInteger to : java.lang.Long,java.lang.String,java.nio.ByteBuffer
02:49:16> DEBUG (Log4JLogger.java:63): TypeConverter(s) available for java.net.URI to : java.lang.String
02:49:16> DEBUG (Log4JLogger.java:63): TypeConverter(s) available for java.net.URL to : java.lang.String
02:49:16> DEBUG (Log4JLogger.java:63): TypeConverter(s) available for java.sql.Date to : java.util.Date,java.lang.Long,java.lang.String
02:49:16> DEBUG (Log4JLogger.java:63): TypeConverter(s) available for java.sql.Time to : java.util.Date,java.lang.Long,java.lang.String
02:49:16> DEBUG (Log4JLogger.java:63): TypeConverter(s) available for java.sql.Timestamp to : java.util.Date,java.lang.Long,java.lang.String
02:49:16> DEBUG (Log4JLogger.java:63): TypeConverter(s) available for java.time.Duration to : java.lang.Long,java.lang.String,java.lang.Double
02:49:16> DEBUG (Log4JLogger.java:63): TypeConverter(s) available for java.time.Instant to : java.sql.Timestamp,java.util.Date,java.lang.Long,java.lang.String
02:49:16> DEBUG (Log4JLogger.java:63): TypeConverter(s) available for java.time.LocalDate to : java.sql.Date,java.util.Date,java.lang.String
02:49:16> DEBUG (Log4JLogger.java:63): TypeConverter(s) available for java.time.LocalDateTime to : java.sql.Timestamp,java.util.Date,java.lang.String
02:49:16> DEBUG (Log4JLogger.java:63): TypeConverter(s) available for java.time.LocalTime to : java.sql.Time,java.util.Date,java.lang.Long,java.lang.String
02:49:16> DEBUG (Log4JLogger.java:63): TypeConverter(s) available for java.time.MonthDay to : java.sql.Date,int[],java.util.Date,java.lang.String
02:49:16> DEBUG (Log4JLogger.java:63): TypeConverter(s) available for java.time.OffsetDateTime to : java.sql.Timestamp,java.util.Date,java.lang.String
02:49:16> DEBUG (Log4JLogger.java:63): TypeConverter(s) available for java.time.OffsetTime to : java.sql.Time,java.lang.Long,java.lang.String
02:49:16> DEBUG (Log4JLogger.java:63): TypeConverter(s) available for java.time.Period to : java.lang.String
02:49:16> DEBUG (Log4JLogger.java:63): TypeConverter(s) available for java.time.Year to : java.lang.String,java.lang.Integer
02:49:16> DEBUG (Log4JLogger.java:63): TypeConverter(s) available for java.time.YearMonth to : java.sql.Date,int[],java.util.Date,java.lang.String
02:49:16> DEBUG (Log4JLogger.java:63): TypeConverter(s) available for java.time.ZonedDateTime to : java.sql.Timestamp,java.lang.String
02:49:16> DEBUG (Log4JLogger.java:63): TypeConverter(s) available for java.time.ZoneId to : java.lang.String
02:49:16> DEBUG (Log4JLogger.java:63): TypeConverter(s) available for java.time.ZoneOffset to : java.lang.String
02:49:16> DEBUG (Log4JLogger.java:63): TypeConverter(s) available for java.util.BitSet to : java.lang.String
02:49:16> DEBUG (Log4JLogger.java:63): TypeConverter(s) available for java.util.Calendar to : java.sql.Timestamp,java.util.Date,[Ljava.lang.Object;,java.lang.String
02:49:16> DEBUG (Log4JLogger.java:63): TypeConverter(s) available for java.util.Currency to : java.lang.String
02:49:16> DEBUG (Log4JLogger.java:63): TypeConverter(s) available for java.util.Date to : java.lang.Long,java.lang.String
02:49:16> DEBUG (Log4JLogger.java:63): TypeConverter(s) available for java.util.Locale to : java.lang.String
02:49:16> DEBUG (Log4JLogger.java:63): TypeConverter(s) available for java.util.TimeZone to : java.lang.String
02:49:16> DEBUG (Log4JLogger.java:63): TypeConverter(s) available for java.util.UUID to : java.lang.String
02:49:16> DEBUG (Log4JLogger.java:63): MetaDataManager : Input=(XML,Annotations), XML-Validation=false, XML-Suffices=(persistence=*.jdo, orm=orm, query=*.jdoquery), JDO-listener=false
02:49:16> INFO  (Log4JLogger.java:82): DataNucleus Enhancer (versión 5.1.0.m2) para el API "JDO" utilisando el JRE "{2}"
02:49:16> DEBUG (Log4JLogger.java:63): DataNucleus Enhancer : Classpath
02:49:16> DEBUG (Log4JLogger.java:63): >>  C:\Users\Jorge\.m2\repository\org\datanucleus\datanucleus-maven-plugin\5.0.2\datanucleus-maven-plugin-5.0.2.jar
02:49:16> DEBUG (Log4JLogger.java:63): >>  C:\Users\Jorge\.m2\repository\org\codehaus\plexus\plexus-utils\3.0.8\plexus-utils-3.0.8.jar
02:49:16> DEBUG (Log4JLogger.java:63): >>  C:\Users\Jorge\.m2\repository\org\apache\maven\maven-artifact\3.0.4\maven-artifact-3.0.4.jar
02:49:16> DEBUG (Log4JLogger.java:63): >>  C:\Users\Jorge\.m2\repository\org\apache\maven\maven-plugin-api\3.0.4\maven-plugin-api-3.0.4.jar
02:49:16> DEBUG (Log4JLogger.java:63): >>  C:\Users\Jorge\.m2\repository\org\apache\maven\maven-model\3.0.4\maven-model-3.0.4.jar
02:49:16> DEBUG (Log4JLogger.java:63): >>  C:\Users\Jorge\.m2\repository\org\sonatype\sisu\sisu-inject-plexus\2.3.0\sisu-inject-plexus-2.3.0.jar
02:49:16> DEBUG (Log4JLogger.java:63): >>  C:\Users\Jorge\.m2\repository\org\codehaus\plexus\plexus-component-annotations\1.5.5\plexus-component-annotations-1.5.5.jar
02:49:16> DEBUG (Log4JLogger.java:63): >>  C:\Users\Jorge\.m2\repository\org\sonatype\sisu\sisu-inject-bean\2.3.0\sisu-inject-bean-2.3.0.jar
02:49:16> DEBUG (Log4JLogger.java:63): >>  C:\Users\Jorge\.m2\repository\org\sonatype\sisu\sisu-guice\3.1.0\sisu-guice-3.1.0-no_aop.jar
02:49:16> DEBUG (Log4JLogger.java:63): >>  C:\Users\Jorge\.m2\repository\org\sonatype\sisu\sisu-guava\0.9.9\sisu-guava-0.9.9.jar
02:49:16> DEBUG (Log4JLogger.java:63): >>  C:\Users\Jorge\.m2\repository\org\codehaus\plexus\plexus-container-default\1.5.5\plexus-container-default-1.5.5.jar
02:49:16> DEBUG (Log4JLogger.java:63): >>  C:\Users\Jorge\.m2\repository\org\codehaus\plexus\plexus-classworlds\2.2.2\plexus-classworlds-2.2.2.jar
02:49:16> DEBUG (Log4JLogger.java:63): >>  C:\Users\Jorge\.m2\repository\org\apache\xbean\xbean-reflect\3.4\xbean-reflect-3.4.jar
02:49:16> DEBUG (Log4JLogger.java:63): >>  C:\Users\Jorge\.m2\repository\log4j\log4j\1.2.12\log4j-1.2.12.jar
02:49:16> DEBUG (Log4JLogger.java:63): >>  C:\Users\Jorge\.m2\repository\commons-logging\commons-logging-api\1.1\commons-logging-api-1.1.jar
02:49:16> DEBUG (Log4JLogger.java:63): >>  C:\Users\Jorge\.m2\repository\com\google\collections\google-collections\1.0\google-collections-1.0.jar
02:49:16> DEBUG (Log4JLogger.java:63): >>  C:\Users\Jorge\.m2\repository\junit\junit\3.8.2\junit-3.8.2.jar
02:49:16> DEBUG (Log4JLogger.java:63): >>  C:\Users\Jorge\git\SPQ03\spq03\target\classes
02:49:16> DEBUG (Log4JLogger.java:63): >>  C:\Users\Jorge\.m2\repository\org\datanucleus\datanucleus-core\5.1.0-m2\datanucleus-core-5.1.0-m2.jar
02:49:16> DEBUG (Log4JLogger.java:63): >>  C:\Users\Jorge\.m2\repository\org\datanucleus\datanucleus-api-jdo\5.1.0-m2\datanucleus-api-jdo-5.1.0-m2.jar
02:49:16> DEBUG (Log4JLogger.java:63): >>  C:\Users\Jorge\.m2\repository\org\datanucleus\datanucleus-rdbms\5.1.0-m2\datanucleus-rdbms-5.1.0-m2.jar
02:49:16> DEBUG (Log4JLogger.java:63): >>  C:\Users\Jorge\.m2\repository\log4j\log4j\1.2.17\log4j-1.2.17.jar
02:49:16> DEBUG (Log4JLogger.java:63): >>  C:\Users\Jorge\.m2\repository\org\datanucleus\javax.jdo\3.2.0-m6\javax.jdo-3.2.0-m6.jar
02:49:16> DEBUG (Log4JLogger.java:63): >>  C:\Users\Jorge\.m2\repository\javax\transaction\transaction-api\1.1\transaction-api-1.1.jar
02:49:16> DEBUG (Log4JLogger.java:63): >>  C:\Users\Jorge\.m2\repository\mysql\mysql-connector-java\5.1.41\mysql-connector-java-5.1.41.jar
02:49:16> DEBUG (Log4JLogger.java:63): >>  C:\Users\Jorge\.m2\repository\org\mockito\mockito-core\2.7.21\mockito-core-2.7.21.jar
02:49:16> DEBUG (Log4JLogger.java:63): Reading fileListFile: C:\Users\Jorge\AppData\Local\Temp\enhancer-8341359306444781518.flf
02:49:16> DEBUG (Log4JLogger.java:63): Enhancing classes
02:49:16> DEBUG (Log4JLogger.java:63): MetaData Management : Carga de Metadata de las clases "[es.deusto.client.Client, es.deusto.client.remote.ITransferer, es.deusto.server.db.dao.DAO, es.deusto.server.db.dao.IDAO, es.deusto.server.db.data.Money, es.deusto.server.db.data.Product, es.deusto.server.db.data.User, es.deusto.server.db.DB, es.deusto.server.db.IDB, es.deusto.server.remote.ITransferer, es.deusto.server.remote.Transferer, es.deusto.server.Server]" ...
02:49:16> DEBUG (Log4JLogger.java:63): No encontramos el MetaData del tipo "jdo" por la clase "es.deusto.client.Client" en /META-INF/package.jdo
02:49:16> DEBUG (Log4JLogger.java:63): No encontramos el MetaData del tipo "jdo" por la clase "es.deusto.client.Client" en /WEB-INF/package.jdo
02:49:16> DEBUG (Log4JLogger.java:63): No encontramos el MetaData del tipo "jdo" por la clase "es.deusto.client.Client" en /package.jdo
02:49:16> DEBUG (Log4JLogger.java:63): No encontramos el MetaData del tipo "jdo" por la clase "es.deusto.client.Client" en /es/package.jdo
02:49:16> DEBUG (Log4JLogger.java:63): No encontramos el MetaData del tipo "jdo" por la clase "es.deusto.client.Client" en /es.jdo
02:49:16> DEBUG (Log4JLogger.java:63): No encontramos el MetaData del tipo "jdo" por la clase "es.deusto.client.Client" en /es/deusto/package.jdo
02:49:16> DEBUG (Log4JLogger.java:63): No encontramos el MetaData del tipo "jdo" por la clase "es.deusto.client.Client" en /es/deusto.jdo
02:49:16> DEBUG (Log4JLogger.java:63): No encontramos el MetaData del tipo "jdo" por la clase "es.deusto.client.Client" en /es/deusto/client/package.jdo
02:49:16> DEBUG (Log4JLogger.java:63): No encontramos el MetaData del tipo "jdo" por la clase "es.deusto.client.Client" en /es/deusto/client.jdo
02:49:16> DEBUG (Log4JLogger.java:63): No encontramos el MetaData del tipo "jdo" por la clase "es.deusto.client.Client" en /es/deusto/client/Client.jdo
02:49:16> DEBUG (Log4JLogger.java:63): No hemos encontrado el MetaData del tipo "jdo" por la clase "es.deusto.client.Client"
02:49:16> DEBUG (Log4JLogger.java:63): Registrando la clase "es.deusto.client.Client" no tener Meta-Data
02:49:16> DEBUG (Log4JLogger.java:63): La clase "es.deusto.client.Client" no tiene MetaData o annotaciones.
02:49:16> DEBUG (Log4JLogger.java:63): No encontramos el MetaData del tipo "jdo" por la clase "es.deusto.client.remote.ITransferer" en /META-INF/package.jdo
02:49:16> DEBUG (Log4JLogger.java:63): No encontramos el MetaData del tipo "jdo" por la clase "es.deusto.client.remote.ITransferer" en /WEB-INF/package.jdo
02:49:16> DEBUG (Log4JLogger.java:63): No encontramos el MetaData del tipo "jdo" por la clase "es.deusto.client.remote.ITransferer" en /package.jdo
02:49:16> DEBUG (Log4JLogger.java:63): No encontramos el MetaData del tipo "jdo" por la clase "es.deusto.client.remote.ITransferer" en /es/package.jdo
02:49:16> DEBUG (Log4JLogger.java:63): No encontramos el MetaData del tipo "jdo" por la clase "es.deusto.client.remote.ITransferer" en /es.jdo
02:49:16> DEBUG (Log4JLogger.java:63): No encontramos el MetaData del tipo "jdo" por la clase "es.deusto.client.remote.ITransferer" en /es/deusto/package.jdo
02:49:16> DEBUG (Log4JLogger.java:63): No encontramos el MetaData del tipo "jdo" por la clase "es.deusto.client.remote.ITransferer" en /es/deusto.jdo
02:49:16> DEBUG (Log4JLogger.java:63): No encontramos el MetaData del tipo "jdo" por la clase "es.deusto.client.remote.ITransferer" en /es/deusto/client/package.jdo
02:49:16> DEBUG (Log4JLogger.java:63): No encontramos el MetaData del tipo "jdo" por la clase "es.deusto.client.remote.ITransferer" en /es/deusto/client.jdo
02:49:16> DEBUG (Log4JLogger.java:63): No encontramos el MetaData del tipo "jdo" por la clase "es.deusto.client.remote.ITransferer" en /es/deusto/client/remote/package.jdo
02:49:16> DEBUG (Log4JLogger.java:63): No encontramos el MetaData del tipo "jdo" por la clase "es.deusto.client.remote.ITransferer" en /es/deusto/client/remote.jdo
02:49:16> DEBUG (Log4JLogger.java:63): No encontramos el MetaData del tipo "jdo" por la clase "es.deusto.client.remote.ITransferer" en /es/deusto/client/remote/ITransferer.jdo
02:49:16> DEBUG (Log4JLogger.java:63): No hemos encontrado el MetaData del tipo "jdo" por la clase "es.deusto.client.remote.ITransferer"
02:49:16> DEBUG (Log4JLogger.java:63): Registrando la clase "es.deusto.client.remote.ITransferer" no tener Meta-Data
02:49:16> DEBUG (Log4JLogger.java:63): La clase "es.deusto.client.remote.ITransferer" no tiene MetaData o annotaciones.
02:49:16> DEBUG (Log4JLogger.java:63): No encontramos el MetaData del tipo "jdo" por la clase "es.deusto.server.db.dao.DAO" en /META-INF/package.jdo
02:49:16> DEBUG (Log4JLogger.java:63): No encontramos el MetaData del tipo "jdo" por la clase "es.deusto.server.db.dao.DAO" en /WEB-INF/package.jdo
02:49:16> DEBUG (Log4JLogger.java:63): No encontramos el MetaData del tipo "jdo" por la clase "es.deusto.server.db.dao.DAO" en /package.jdo
02:49:16> DEBUG (Log4JLogger.java:63): No encontramos el MetaData del tipo "jdo" por la clase "es.deusto.server.db.dao.DAO" en /es/package.jdo
02:49:16> DEBUG (Log4JLogger.java:63): No encontramos el MetaData del tipo "jdo" por la clase "es.deusto.server.db.dao.DAO" en /es.jdo
02:49:16> DEBUG (Log4JLogger.java:63): No encontramos el MetaData del tipo "jdo" por la clase "es.deusto.server.db.dao.DAO" en /es/deusto/package.jdo
02:49:16> DEBUG (Log4JLogger.java:63): No encontramos el MetaData del tipo "jdo" por la clase "es.deusto.server.db.dao.DAO" en /es/deusto.jdo
02:49:16> DEBUG (Log4JLogger.java:63): No encontramos el MetaData del tipo "jdo" por la clase "es.deusto.server.db.dao.DAO" en /es/deusto/server/package.jdo
02:49:16> DEBUG (Log4JLogger.java:63): No encontramos el MetaData del tipo "jdo" por la clase "es.deusto.server.db.dao.DAO" en /es/deusto/server.jdo
02:49:16> DEBUG (Log4JLogger.java:63): No encontramos el MetaData del tipo "jdo" por la clase "es.deusto.server.db.dao.DAO" en /es/deusto/server/db/package.jdo
02:49:16> DEBUG (Log4JLogger.java:63): No encontramos el MetaData del tipo "jdo" por la clase "es.deusto.server.db.dao.DAO" en /es/deusto/server/db.jdo
02:49:16> DEBUG (Log4JLogger.java:63): No encontramos el MetaData del tipo "jdo" por la clase "es.deusto.server.db.dao.DAO" en /es/deusto/server/db/dao/package.jdo
02:49:16> DEBUG (Log4JLogger.java:63): No encontramos el MetaData del tipo "jdo" por la clase "es.deusto.server.db.dao.DAO" en /es/deusto/server/db/dao.jdo
02:49:16> DEBUG (Log4JLogger.java:63): No encontramos el MetaData del tipo "jdo" por la clase "es.deusto.server.db.dao.DAO" en /es/deusto/server/db/dao/DAO.jdo
02:49:16> DEBUG (Log4JLogger.java:63): No hemos encontrado el MetaData del tipo "jdo" por la clase "es.deusto.server.db.dao.DAO"
02:49:16> DEBUG (Log4JLogger.java:63): Registrando la clase "es.deusto.server.db.dao.DAO" no tener Meta-Data
02:49:16> DEBUG (Log4JLogger.java:63): La clase "es.deusto.server.db.dao.DAO" no tiene MetaData o annotaciones.
02:49:16> DEBUG (Log4JLogger.java:63): No encontramos el MetaData del tipo "jdo" por la clase "es.deusto.server.db.dao.IDAO" en /META-INF/package.jdo
02:49:16> DEBUG (Log4JLogger.java:63): No encontramos el MetaData del tipo "jdo" por la clase "es.deusto.server.db.dao.IDAO" en /WEB-INF/package.jdo
02:49:16> DEBUG (Log4JLogger.java:63): No encontramos el MetaData del tipo "jdo" por la clase "es.deusto.server.db.dao.IDAO" en /package.jdo
02:49:16> DEBUG (Log4JLogger.java:63): No encontramos el MetaData del tipo "jdo" por la clase "es.deusto.server.db.dao.IDAO" en /es/package.jdo
02:49:16> DEBUG (Log4JLogger.java:63): No encontramos el MetaData del tipo "jdo" por la clase "es.deusto.server.db.dao.IDAO" en /es.jdo
02:49:16> DEBUG (Log4JLogger.java:63): No encontramos el MetaData del tipo "jdo" por la clase "es.deusto.server.db.dao.IDAO" en /es/deusto/package.jdo
02:49:16> DEBUG (Log4JLogger.java:63): No encontramos el MetaData del tipo "jdo" por la clase "es.deusto.server.db.dao.IDAO" en /es/deusto.jdo
02:49:16> DEBUG (Log4JLogger.java:63): No encontramos el MetaData del tipo "jdo" por la clase "es.deusto.server.db.dao.IDAO" en /es/deusto/server/package.jdo
02:49:16> DEBUG (Log4JLogger.java:63): No encontramos el MetaData del tipo "jdo" por la clase "es.deusto.server.db.dao.IDAO" en /es/deusto/server.jdo
02:49:16> DEBUG (Log4JLogger.java:63): No encontramos el MetaData del tipo "jdo" por la clase "es.deusto.server.db.dao.IDAO" en /es/deusto/server/db/package.jdo
02:49:16> DEBUG (Log4JLogger.java:63): No encontramos el MetaData del tipo "jdo" por la clase "es.deusto.server.db.dao.IDAO" en /es/deusto/server/db.jdo
02:49:16> DEBUG (Log4JLogger.java:63): No encontramos el MetaData del tipo "jdo" por la clase "es.deusto.server.db.dao.IDAO" en /es/deusto/server/db/dao/package.jdo
02:49:16> DEBUG (Log4JLogger.java:63): No encontramos el MetaData del tipo "jdo" por la clase "es.deusto.server.db.dao.IDAO" en /es/deusto/server/db/dao.jdo
02:49:16> DEBUG (Log4JLogger.java:63): No encontramos el MetaData del tipo "jdo" por la clase "es.deusto.server.db.dao.IDAO" en /es/deusto/server/db/dao/IDAO.jdo
02:49:16> DEBUG (Log4JLogger.java:63): No hemos encontrado el MetaData del tipo "jdo" por la clase "es.deusto.server.db.dao.IDAO"
02:49:16> DEBUG (Log4JLogger.java:63): Registrando la clase "es.deusto.server.db.dao.IDAO" no tener Meta-Data
02:49:16> DEBUG (Log4JLogger.java:63): La clase "es.deusto.server.db.dao.IDAO" no tiene MetaData o annotaciones.
02:49:16> DEBUG (Log4JLogger.java:63): Clase "es.deusto.server.db.data.Money" tiene anotaciones de JDO y vamos a usarlas.
02:49:16> DEBUG (Log4JLogger.java:63): Clase "es.deusto.server.db.data.Product" tiene anotaciones de JDO y vamos a usarlas.
02:49:17> DEBUG (Log4JLogger.java:63): Clase "es.deusto.server.db.data.User" tiene anotaciones de JDO y vamos a usarlas.
02:49:17> DEBUG (Log4JLogger.java:63): No encontramos el MetaData del tipo "jdo" por la clase "es.deusto.server.db.DB" en /META-INF/package.jdo
02:49:17> DEBUG (Log4JLogger.java:63): No encontramos el MetaData del tipo "jdo" por la clase "es.deusto.server.db.DB" en /WEB-INF/package.jdo
02:49:17> DEBUG (Log4JLogger.java:63): No encontramos el MetaData del tipo "jdo" por la clase "es.deusto.server.db.DB" en /package.jdo
02:49:17> DEBUG (Log4JLogger.java:63): No encontramos el MetaData del tipo "jdo" por la clase "es.deusto.server.db.DB" en /es/package.jdo
02:49:17> DEBUG (Log4JLogger.java:63): No encontramos el MetaData del tipo "jdo" por la clase "es.deusto.server.db.DB" en /es.jdo
02:49:17> DEBUG (Log4JLogger.java:63): No encontramos el MetaData del tipo "jdo" por la clase "es.deusto.server.db.DB" en /es/deusto/package.jdo
02:49:17> DEBUG (Log4JLogger.java:63): No encontramos el MetaData del tipo "jdo" por la clase "es.deusto.server.db.DB" en /es/deusto.jdo
02:49:17> DEBUG (Log4JLogger.java:63): No encontramos el MetaData del tipo "jdo" por la clase "es.deusto.server.db.DB" en /es/deusto/server/package.jdo
02:49:17> DEBUG (Log4JLogger.java:63): No encontramos el MetaData del tipo "jdo" por la clase "es.deusto.server.db.DB" en /es/deusto/server.jdo
02:49:17> DEBUG (Log4JLogger.java:63): No encontramos el MetaData del tipo "jdo" por la clase "es.deusto.server.db.DB" en /es/deusto/server/db/package.jdo
02:49:17> DEBUG (Log4JLogger.java:63): No encontramos el MetaData del tipo "jdo" por la clase "es.deusto.server.db.DB" en /es/deusto/server/db.jdo
02:49:17> DEBUG (Log4JLogger.java:63): No encontramos el MetaData del tipo "jdo" por la clase "es.deusto.server.db.DB" en /es/deusto/server/db/DB.jdo
02:49:17> DEBUG (Log4JLogger.java:63): No hemos encontrado el MetaData del tipo "jdo" por la clase "es.deusto.server.db.DB"
02:49:17> DEBUG (Log4JLogger.java:63): Registrando la clase "es.deusto.server.db.DB" no tener Meta-Data
02:49:17> DEBUG (Log4JLogger.java:63): La clase "es.deusto.server.db.DB" no tiene MetaData o annotaciones.
02:49:17> DEBUG (Log4JLogger.java:63): No encontramos el MetaData del tipo "jdo" por la clase "es.deusto.server.db.IDB" en /META-INF/package.jdo
02:49:17> DEBUG (Log4JLogger.java:63): No encontramos el MetaData del tipo "jdo" por la clase "es.deusto.server.db.IDB" en /WEB-INF/package.jdo
02:49:17> DEBUG (Log4JLogger.java:63): No encontramos el MetaData del tipo "jdo" por la clase "es.deusto.server.db.IDB" en /package.jdo
02:49:17> DEBUG (Log4JLogger.java:63): No encontramos el MetaData del tipo "jdo" por la clase "es.deusto.server.db.IDB" en /es/package.jdo
02:49:17> DEBUG (Log4JLogger.java:63): No encontramos el MetaData del tipo "jdo" por la clase "es.deusto.server.db.IDB" en /es.jdo
02:49:17> DEBUG (Log4JLogger.java:63): No encontramos el MetaData del tipo "jdo" por la clase "es.deusto.server.db.IDB" en /es/deusto/package.jdo
02:49:17> DEBUG (Log4JLogger.java:63): No encontramos el MetaData del tipo "jdo" por la clase "es.deusto.server.db.IDB" en /es/deusto.jdo
02:49:17> DEBUG (Log4JLogger.java:63): No encontramos el MetaData del tipo "jdo" por la clase "es.deusto.server.db.IDB" en /es/deusto/server/package.jdo
02:49:17> DEBUG (Log4JLogger.java:63): No encontramos el MetaData del tipo "jdo" por la clase "es.deusto.server.db.IDB" en /es/deusto/server.jdo
02:49:17> DEBUG (Log4JLogger.java:63): No encontramos el MetaData del tipo "jdo" por la clase "es.deusto.server.db.IDB" en /es/deusto/server/db/package.jdo
02:49:17> DEBUG (Log4JLogger.java:63): No encontramos el MetaData del tipo "jdo" por la clase "es.deusto.server.db.IDB" en /es/deusto/server/db.jdo
02:49:17> DEBUG (Log4JLogger.java:63): No encontramos el MetaData del tipo "jdo" por la clase "es.deusto.server.db.IDB" en /es/deusto/server/db/IDB.jdo
02:49:17> DEBUG (Log4JLogger.java:63): No hemos encontrado el MetaData del tipo "jdo" por la clase "es.deusto.server.db.IDB"
02:49:17> DEBUG (Log4JLogger.java:63): Registrando la clase "es.deusto.server.db.IDB" no tener Meta-Data
02:49:17> DEBUG (Log4JLogger.java:63): La clase "es.deusto.server.db.IDB" no tiene MetaData o annotaciones.
02:49:17> DEBUG (Log4JLogger.java:63): No encontramos el MetaData del tipo "jdo" por la clase "es.deusto.server.remote.ITransferer" en /META-INF/package.jdo
02:49:17> DEBUG (Log4JLogger.java:63): No encontramos el MetaData del tipo "jdo" por la clase "es.deusto.server.remote.ITransferer" en /WEB-INF/package.jdo
02:49:17> DEBUG (Log4JLogger.java:63): No encontramos el MetaData del tipo "jdo" por la clase "es.deusto.server.remote.ITransferer" en /package.jdo
02:49:17> DEBUG (Log4JLogger.java:63): No encontramos el MetaData del tipo "jdo" por la clase "es.deusto.server.remote.ITransferer" en /es/package.jdo
02:49:17> DEBUG (Log4JLogger.java:63): No encontramos el MetaData del tipo "jdo" por la clase "es.deusto.server.remote.ITransferer" en /es.jdo
02:49:17> DEBUG (Log4JLogger.java:63): No encontramos el MetaData del tipo "jdo" por la clase "es.deusto.server.remote.ITransferer" en /es/deusto/package.jdo
02:49:17> DEBUG (Log4JLogger.java:63): No encontramos el MetaData del tipo "jdo" por la clase "es.deusto.server.remote.ITransferer" en /es/deusto.jdo
02:49:17> DEBUG (Log4JLogger.java:63): No encontramos el MetaData del tipo "jdo" por la clase "es.deusto.server.remote.ITransferer" en /es/deusto/server/package.jdo
02:49:17> DEBUG (Log4JLogger.java:63): No encontramos el MetaData del tipo "jdo" por la clase "es.deusto.server.remote.ITransferer" en /es/deusto/server.jdo
02:49:17> DEBUG (Log4JLogger.java:63): No encontramos el MetaData del tipo "jdo" por la clase "es.deusto.server.remote.ITransferer" en /es/deusto/server/remote/package.jdo
02:49:17> DEBUG (Log4JLogger.java:63): No encontramos el MetaData del tipo "jdo" por la clase "es.deusto.server.remote.ITransferer" en /es/deusto/server/remote.jdo
02:49:17> DEBUG (Log4JLogger.java:63): No encontramos el MetaData del tipo "jdo" por la clase "es.deusto.server.remote.ITransferer" en /es/deusto/server/remote/ITransferer.jdo
02:49:17> DEBUG (Log4JLogger.java:63): No hemos encontrado el MetaData del tipo "jdo" por la clase "es.deusto.server.remote.ITransferer"
02:49:17> DEBUG (Log4JLogger.java:63): Registrando la clase "es.deusto.server.remote.ITransferer" no tener Meta-Data
02:49:17> DEBUG (Log4JLogger.java:63): La clase "es.deusto.server.remote.ITransferer" no tiene MetaData o annotaciones.
02:49:17> DEBUG (Log4JLogger.java:63): No encontramos el MetaData del tipo "jdo" por la clase "es.deusto.server.remote.Transferer" en /META-INF/package.jdo
02:49:17> DEBUG (Log4JLogger.java:63): No encontramos el MetaData del tipo "jdo" por la clase "es.deusto.server.remote.Transferer" en /WEB-INF/package.jdo
02:49:17> DEBUG (Log4JLogger.java:63): No encontramos el MetaData del tipo "jdo" por la clase "es.deusto.server.remote.Transferer" en /package.jdo
02:49:17> DEBUG (Log4JLogger.java:63): No encontramos el MetaData del tipo "jdo" por la clase "es.deusto.server.remote.Transferer" en /es/package.jdo
02:49:17> DEBUG (Log4JLogger.java:63): No encontramos el MetaData del tipo "jdo" por la clase "es.deusto.server.remote.Transferer" en /es.jdo
02:49:17> DEBUG (Log4JLogger.java:63): No encontramos el MetaData del tipo "jdo" por la clase "es.deusto.server.remote.Transferer" en /es/deusto/package.jdo
02:49:17> DEBUG (Log4JLogger.java:63): No encontramos el MetaData del tipo "jdo" por la clase "es.deusto.server.remote.Transferer" en /es/deusto.jdo
02:49:17> DEBUG (Log4JLogger.java:63): No encontramos el MetaData del tipo "jdo" por la clase "es.deusto.server.remote.Transferer" en /es/deusto/server/package.jdo
02:49:17> DEBUG (Log4JLogger.java:63): No encontramos el MetaData del tipo "jdo" por la clase "es.deusto.server.remote.Transferer" en /es/deusto/server.jdo
02:49:17> DEBUG (Log4JLogger.java:63): No encontramos el MetaData del tipo "jdo" por la clase "es.deusto.server.remote.Transferer" en /es/deusto/server/remote/package.jdo
02:49:17> DEBUG (Log4JLogger.java:63): No encontramos el MetaData del tipo "jdo" por la clase "es.deusto.server.remote.Transferer" en /es/deusto/server/remote.jdo
02:49:17> DEBUG (Log4JLogger.java:63): No encontramos el MetaData del tipo "jdo" por la clase "es.deusto.server.remote.Transferer" en /es/deusto/server/remote/Transferer.jdo
02:49:17> DEBUG (Log4JLogger.java:63): No hemos encontrado el MetaData del tipo "jdo" por la clase "es.deusto.server.remote.Transferer"
02:49:17> DEBUG (Log4JLogger.java:63): Registrando la clase "es.deusto.server.remote.Transferer" no tener Meta-Data
02:49:17> DEBUG (Log4JLogger.java:63): La clase "es.deusto.server.remote.Transferer" no tiene MetaData o annotaciones.
02:49:17> DEBUG (Log4JLogger.java:63): No encontramos el MetaData del tipo "jdo" por la clase "es.deusto.server.Server" en /META-INF/package.jdo
02:49:17> DEBUG (Log4JLogger.java:63): No encontramos el MetaData del tipo "jdo" por la clase "es.deusto.server.Server" en /WEB-INF/package.jdo
02:49:17> DEBUG (Log4JLogger.java:63): No encontramos el MetaData del tipo "jdo" por la clase "es.deusto.server.Server" en /package.jdo
02:49:17> DEBUG (Log4JLogger.java:63): No encontramos el MetaData del tipo "jdo" por la clase "es.deusto.server.Server" en /es/package.jdo
02:49:17> DEBUG (Log4JLogger.java:63): No encontramos el MetaData del tipo "jdo" por la clase "es.deusto.server.Server" en /es.jdo
02:49:17> DEBUG (Log4JLogger.java:63): No encontramos el MetaData del tipo "jdo" por la clase "es.deusto.server.Server" en /es/deusto/package.jdo
02:49:17> DEBUG (Log4JLogger.java:63): No encontramos el MetaData del tipo "jdo" por la clase "es.deusto.server.Server" en /es/deusto.jdo
02:49:17> DEBUG (Log4JLogger.java:63): No encontramos el MetaData del tipo "jdo" por la clase "es.deusto.server.Server" en /es/deusto/server/package.jdo
02:49:17> DEBUG (Log4JLogger.java:63): No encontramos el MetaData del tipo "jdo" por la clase "es.deusto.server.Server" en /es/deusto/server.jdo
02:49:17> DEBUG (Log4JLogger.java:63): No encontramos el MetaData del tipo "jdo" por la clase "es.deusto.server.Server" en /es/deusto/server/Server.jdo
02:49:17> DEBUG (Log4JLogger.java:63): No hemos encontrado el MetaData del tipo "jdo" por la clase "es.deusto.server.Server"
02:49:17> DEBUG (Log4JLogger.java:63): Registrando la clase "es.deusto.server.Server" no tener Meta-Data
02:49:17> DEBUG (Log4JLogger.java:63): La clase "es.deusto.server.Server" no tiene MetaData o annotaciones.
02:49:17> DEBUG (Log4JLogger.java:63): Populación del MetaData ...
02:49:17> DEBUG (Log4JLogger.java:63): Clase "es.deusto.server.db.data.Money" : Populando Meta-Data
02:49:17> DEBUG (Log4JLogger.java:63): Clase "es.deusto.server.db.data.Money" campo "user" : añadiendo el Meta-Data por el campo como no estaba en la definición de Meta-Data.
02:49:17> DEBUG (Log4JLogger.java:63): Clase "es.deusto.server.db.data.Money" campo "product" : añadiendo el Meta-Data por el campo como no estaba en la definición de Meta-Data.
02:49:17> DEBUG (Log4JLogger.java:63): Clase "es.deusto.server.db.data.Money" campo "amount" : añadiendo el Meta-Data por el campo como no estaba en la definición de Meta-Data.
02:49:17> DEBUG (Log4JLogger.java:63): Clase "es.deusto.server.db.data.Money" campo "timestamp" : añadiendo el Meta-Data por el campo como no estaba en la definición de Meta-Data.
02:49:17> DEBUG (Log4JLogger.java:63): Clase "es.deusto.server.db.data.Product" : Populando Meta-Data
02:49:17> DEBUG (Log4JLogger.java:63): Clase "es.deusto.server.db.data.Product" campo "user" : añadiendo el Meta-Data por el campo como no estaba en la definición de Meta-Data.
02:49:17> DEBUG (Log4JLogger.java:63): Clase "es.deusto.server.db.data.Product" campo "characteristics" : añadiendo el Meta-Data por el campo como no estaba en la definición de Meta-Data.
02:49:17> DEBUG (Log4JLogger.java:63): Clase "es.deusto.server.db.data.Product" campo "timestamp" : añadiendo el Meta-Data por el campo como no estaba en la definición de Meta-Data.
02:49:17> DEBUG (Log4JLogger.java:63): Clase "es.deusto.server.db.data.User" : Populando Meta-Data
02:49:17> DEBUG (Log4JLogger.java:63): Clase "es.deusto.server.db.data.User" campo "password" : añadiendo el Meta-Data por el campo como no estaba en la definición de Meta-Data.
02:49:17> DEBUG (Log4JLogger.java:63): Clase "es.deusto.server.db.data.User" campo "amount" : añadiendo el Meta-Data por el campo como no estaba en la definición de Meta-Data.
02:49:17> DEBUG (Log4JLogger.java:63): Inicialisación del MetaData ...
02:49:17> DEBUG (Log4JLogger.java:63): Clase "es.deusto.server.db.data.Money" : Inicializando Meta-Data
02:49:17> DEBUG (Log4JLogger.java:63): Clase "es.deusto.server.db.data.Product" : Inicializando Meta-Data
02:49:17> DEBUG (Log4JLogger.java:63): Clase "es.deusto.server.db.data.User" : Inicializando Meta-Data
02:49:17> DEBUG (Log4JLogger.java:63): MetaData Management : Carga de Metadata ya ha terminado
02:49:17> DEBUG (Log4JLogger.java:63): Enhance de la clase "es.deusto.server.db.data.Money" empezando ...
02:49:17> DEBUG (Log4JLogger.java:63): La clase "es.deusto.server.db.data.Money" no implementa el interfaz "org.datanucleus.enhancement.Persistable"!
02:49:17> DEBUG (Log4JLogger.java:63): La clase "es.deusto.server.db.data.Money" no implementa el interfaz "org.datanucleus.enhancement.Detachable"!
02:49:17> DEBUG (Log4JLogger.java:63): La clase "es.deusto.server.db.data.Money" no tiene el campo "dnStateManager" pero lo necesita
02:49:17> DEBUG (Log4JLogger.java:63): La clase "es.deusto.server.db.data.Money" no tiene el campo "dnDetachedState" pero lo necesita
02:49:17> DEBUG (Log4JLogger.java:63): La clase "es.deusto.server.db.data.Money" no tiene el campo "dnInheritedFieldCount" pero lo necesita
02:49:17> DEBUG (Log4JLogger.java:63): La clase "es.deusto.server.db.data.Money" no tiene el campo "dnFlags" pero lo necesita
02:49:17> DEBUG (Log4JLogger.java:63): La clase "es.deusto.server.db.data.Money" no tiene el campo "dnFieldTypes" pero lo necesita
02:49:17> DEBUG (Log4JLogger.java:63): La clase "es.deusto.server.db.data.Money" no tiene el campo "dnFieldNames" pero lo necesita
02:49:17> DEBUG (Log4JLogger.java:63): La clase "es.deusto.server.db.data.Money" no tiene el campo "dnFieldFlags" pero lo necesita
02:49:17> DEBUG (Log4JLogger.java:63): La clase "es.deusto.server.db.data.Money" no tiene el campo "dnPersistableSuperclass" pero lo necesita
02:49:17> DEBUG (Log4JLogger.java:63): La clase "es.deusto.server.db.data.Money" no tiene el metodo "dnReplaceField" pero lo necesita
02:49:17> DEBUG (Log4JLogger.java:63): La clase "es.deusto.server.db.data.Money" no tiene el metodo "dnGetStateManager" pero lo necesita
02:49:17> DEBUG (Log4JLogger.java:63): La clase "es.deusto.server.db.data.Money" no tiene el metodo "dnIsTransactional" pero lo necesita
02:49:17> DEBUG (Log4JLogger.java:63): La clase "es.deusto.server.db.data.Money" no tiene el metodo "dnNewInstance" pero lo necesita
02:49:17> DEBUG (Log4JLogger.java:63): La clase "es.deusto.server.db.data.Money" no tiene el metodo "dnNewInstance" pero lo necesita
02:49:17> DEBUG (Log4JLogger.java:63): La clase "es.deusto.server.db.data.Money" no tiene el metodo "dnSuperClone" pero lo necesita
02:49:17> DEBUG (Log4JLogger.java:63): La clase "es.deusto.server.db.data.Money" no tiene el metodo "dnProvideFields" pero lo necesita
02:49:17> DEBUG (Log4JLogger.java:63): La clase "es.deusto.server.db.data.Money" no tiene el metodo "___dn$loadClass" pero lo necesita
02:49:17> DEBUG (Log4JLogger.java:63): La clase "es.deusto.server.db.data.Money" no tiene el metodo "dnGetManagedFieldCount" pero lo necesita
02:49:17> DEBUG (Log4JLogger.java:63): La clase "es.deusto.server.db.data.Money" no tiene el metodo "dnIsDirty" pero lo necesita
02:49:17> DEBUG (Log4JLogger.java:63): La clase "es.deusto.server.db.data.Money" no tiene el metodo "dnReplaceStateManager" pero lo necesita
02:49:17> DEBUG (Log4JLogger.java:63): La clase "es.deusto.server.db.data.Money" no tiene el metodo "dnReplaceFlags" pero lo necesita
02:49:17> DEBUG (Log4JLogger.java:63): La clase "es.deusto.server.db.data.Money" no tiene el metodo "dnIsDetached" pero lo necesita
02:49:17> DEBUG (Log4JLogger.java:63): La clase "es.deusto.server.db.data.Money" no tiene el metodo "dnMakeDirty" pero lo necesita
02:49:17> DEBUG (Log4JLogger.java:63): La clase "es.deusto.server.db.data.Money" no tiene el metodo "__dnPersistableSuperclassInit" pero lo necesita
02:49:17> DEBUG (Log4JLogger.java:63): La clase "es.deusto.server.db.data.Money" no tiene el metodo "dnIsDeleted" pero lo necesita
02:49:17> DEBUG (Log4JLogger.java:63): La clase "es.deusto.server.db.data.Money" no tiene el metodo "__dnFieldFlagsInit" pero lo necesita
02:49:17> DEBUG (Log4JLogger.java:63): La clase "es.deusto.server.db.data.Money" no tiene el metodo "__dnFieldTypesInit" pero lo necesita
02:49:17> DEBUG (Log4JLogger.java:63): La clase "es.deusto.server.db.data.Money" no tiene el metodo "dnProvideField" pero lo necesita
02:49:17> DEBUG (Log4JLogger.java:63): La clase "es.deusto.server.db.data.Money" no tiene el metodo "dnPreSerialize" pero lo necesita
02:49:17> DEBUG (Log4JLogger.java:63): La clase "es.deusto.server.db.data.Money" no tiene el metodo "dnGetObjectId" pero lo necesita
02:49:17> DEBUG (Log4JLogger.java:63): La clase "es.deusto.server.db.data.Money" no tiene el metodo "dnGetVersion" pero lo necesita
02:49:17> DEBUG (Log4JLogger.java:63): La clase "es.deusto.server.db.data.Money" no tiene el metodo "dnGetTransactionalObjectId" pero lo necesita
02:49:17> DEBUG (Log4JLogger.java:63): La clase "es.deusto.server.db.data.Money" no tiene el metodo "dnIsNew" pero lo necesita
02:49:17> DEBUG (Log4JLogger.java:63): La clase "es.deusto.server.db.data.Money" no tiene el metodo "dnCopyKeyFieldsToObjectId" pero lo necesita
02:49:17> DEBUG (Log4JLogger.java:63): La clase "es.deusto.server.db.data.Money" no tiene el metodo "dnCopyKeyFieldsToObjectId" pero lo necesita
02:49:17> DEBUG (Log4JLogger.java:63): La clase "es.deusto.server.db.data.Money" no tiene el metodo "dnCopyField" pero lo necesita
02:49:17> DEBUG (Log4JLogger.java:63): La clase "es.deusto.server.db.data.Money" no tiene el metodo "dnCopyKeyFieldsFromObjectId" pero lo necesita
02:49:17> DEBUG (Log4JLogger.java:63): La clase "es.deusto.server.db.data.Money" no tiene el metodo "dnCopyKeyFieldsFromObjectId" pero lo necesita
02:49:17> DEBUG (Log4JLogger.java:63): La clase "es.deusto.server.db.data.Money" no tiene el metodo "dnGetExecutionContext" pero lo necesita
02:49:17> DEBUG (Log4JLogger.java:63): La clase "es.deusto.server.db.data.Money" no tiene el metodo "dnCopyFields" pero lo necesita
02:49:17> DEBUG (Log4JLogger.java:63): La clase "es.deusto.server.db.data.Money" no tiene el metodo "__dnGetInheritedFieldCount" pero lo necesita
02:49:17> DEBUG (Log4JLogger.java:63): La clase "es.deusto.server.db.data.Money" no tiene el metodo "dnNewObjectIdInstance" pero lo necesita
02:49:17> DEBUG (Log4JLogger.java:63): La clase "es.deusto.server.db.data.Money" no tiene el metodo "dnNewObjectIdInstance" pero lo necesita
02:49:17> DEBUG (Log4JLogger.java:63): La clase "es.deusto.server.db.data.Money" no tiene el metodo "dnReplaceDetachedState" pero lo necesita
02:49:17> DEBUG (Log4JLogger.java:63): La clase "es.deusto.server.db.data.Money" no tiene el metodo "dnIsPersistent" pero lo necesita
02:49:17> DEBUG (Log4JLogger.java:63): La clase "es.deusto.server.db.data.Money" no tiene el metodo "dnReplaceFields" pero lo necesita
02:49:17> DEBUG (Log4JLogger.java:63): La clase "es.deusto.server.db.data.Money" no tiene el metodo "__dnFieldNamesInit" pero lo necesita
02:49:17> DEBUG (Log4JLogger.java:63): Agregando el interfaz: org.datanucleus.enhancement.Detachable
02:49:17> DEBUG (Log4JLogger.java:63): Agregando el interfaz: org.datanucleus.enhancement.Persistable
02:49:17> DEBUG (Log4JLogger.java:63): Enhancing metodo original es.deusto.server.db.data.Money.<init> : ignorando enhance de set del campo "es.deusto.server.db.data.Money.amount"
02:49:17> DEBUG (Log4JLogger.java:63): Enhancing metodo original es.deusto.server.db.data.Money.<init> : ignorando enhance de set del campo "es.deusto.server.db.data.Money.amount"
02:49:17> DEBUG (Log4JLogger.java:63): Enhancing metodo original es.deusto.server.db.data.Money.<init> : ignorando enhance de set del campo "es.deusto.server.db.data.Money.user"
02:49:17> DEBUG (Log4JLogger.java:63): Enhancing metodo original es.deusto.server.db.data.Money.<init> : ignorando enhance de set del campo "es.deusto.server.db.data.Money.timestamp"
02:49:17> DEBUG (Log4JLogger.java:63): Enhancing metodo original es.deusto.server.db.data.Money.getSender, cambiando el uso del campo "es.deusto.server.db.data.Money.user" para utilisar "dnGetuser()"
02:49:17> DEBUG (Log4JLogger.java:63): Enhancing metodo original es.deusto.server.db.data.Money.setUserSending, cambiando el uso del campo "es.deusto.server.db.data.Money.user" para utilisar "dnSetuser()"
02:49:17> DEBUG (Log4JLogger.java:63): Enhancing metodo original es.deusto.server.db.data.Money.getAmount, cambiando el uso del campo "es.deusto.server.db.data.Money.amount" para utilisar "dnGetamount()"
02:49:17> DEBUG (Log4JLogger.java:63): Enhancing metodo original es.deusto.server.db.data.Money.toString, cambiando el uso del campo "es.deusto.server.db.data.Money.amount" para utilisar "dnGetamount()"
02:49:17> DEBUG (Log4JLogger.java:63): Enhancing metodo original es.deusto.server.db.data.Money.toString, cambiando el uso del campo "es.deusto.server.db.data.Money.timestamp" para utilisar "dnGettimestamp()"
02:49:17> DEBUG (Log4JLogger.java:63): Enhancing metodo original es.deusto.server.db.data.Money.toString, cambiando el uso del campo "es.deusto.server.db.data.Money.user" para utilisar "dnGetuser()"
02:49:17> DEBUG (Log4JLogger.java:63): Agregando el campo "org.datanucleus.enhancement.StateManager dnStateManager"
02:49:17> DEBUG (Log4JLogger.java:63): Agregando el campo "byte dnFlags"
02:49:17> DEBUG (Log4JLogger.java:63): Agregando el campo "[Ljava.lang.Object; dnDetachedState"
02:49:17> DEBUG (Log4JLogger.java:63): Agregando el campo "[B dnFieldFlags"
02:49:17> DEBUG (Log4JLogger.java:63): Agregando el campo "java.lang.Class dnPersistableSuperclass"
02:49:17> DEBUG (Log4JLogger.java:63): Agregando el campo "[Ljava.lang.Class; dnFieldTypes"
02:49:17> DEBUG (Log4JLogger.java:63): Agregando el campo "[Ljava.lang.String; dnFieldNames"
02:49:17> DEBUG (Log4JLogger.java:63): Agregando el campo "int dnInheritedFieldCount"
02:49:17> DEBUG (Log4JLogger.java:63): Agregando el metodo "void <clinit>()"
02:49:17> DEBUG (Log4JLogger.java:63): Agregando el constructor "es.deusto.server.db.data.Money()"
02:49:17> DEBUG (Log4JLogger.java:63): Agregando el metodo "void dnCopyKeyFieldsFromObjectId(org.datanucleus.enhancement.Persistable$ObjectIdFieldConsumer fc, java.lang.Object oid)"
02:49:17> DEBUG (Log4JLogger.java:63): Agregando el metodo "void dnCopyKeyFieldsFromObjectId(java.lang.Object oid)"
02:49:17> DEBUG (Log4JLogger.java:63): Agregando el metodo "void dnCopyKeyFieldsToObjectId(java.lang.Object oid)"
02:49:17> DEBUG (Log4JLogger.java:63): Agregando el metodo "void dnCopyKeyFieldsToObjectId(org.datanucleus.enhancement.Persistable$ObjectIdFieldSupplier fs, java.lang.Object oid)"
02:49:17> DEBUG (Log4JLogger.java:63): Agregando el metodo "java.lang.Object dnGetObjectId()"
02:49:17> DEBUG (Log4JLogger.java:63): Agregando el metodo "java.lang.Object dnGetVersion()"
02:49:17> DEBUG (Log4JLogger.java:63): Agregando el metodo "void dnPreSerialize()"
02:49:17> DEBUG (Log4JLogger.java:63): Agregando el metodo "org.datanucleus.enhancement.ExecutionContextReference dnGetExecutionContext()"
02:49:17> DEBUG (Log4JLogger.java:63): Agregando el metodo "org.datanucleus.enhancement.StateManager dnGetStateManager()"
02:49:17> DEBUG (Log4JLogger.java:63): Agregando el metodo "java.lang.Object dnGetTransactionalObjectId()"
02:49:17> DEBUG (Log4JLogger.java:63): Agregando el metodo "boolean dnIsDeleted()"
02:49:17> DEBUG (Log4JLogger.java:63): Agregando el metodo "boolean dnIsDirty()"
02:49:17> DEBUG (Log4JLogger.java:63): Agregando el metodo "boolean dnIsNew()"
02:49:17> DEBUG (Log4JLogger.java:63): Agregando el metodo "boolean dnIsPersistent()"
02:49:17> DEBUG (Log4JLogger.java:63): Agregando el metodo "boolean dnIsTransactional()"
02:49:17> DEBUG (Log4JLogger.java:63): Agregando el metodo "void dnMakeDirty(java.lang.String fieldName)"
02:49:17> DEBUG (Log4JLogger.java:63): Agregando el metodo "java.lang.Object dnNewObjectIdInstance()"
02:49:17> DEBUG (Log4JLogger.java:63): Agregando el metodo "java.lang.Object dnNewObjectIdInstance(java.lang.Object key)"
02:49:17> DEBUG (Log4JLogger.java:63): Agregando el metodo "void dnProvideFields([I indices)"
02:49:17> DEBUG (Log4JLogger.java:63): Agregando el metodo "void dnReplaceFields([I indices)"
02:49:17> DEBUG (Log4JLogger.java:63): Agregando el metodo "void dnReplaceFlags()"
02:49:17> DEBUG (Log4JLogger.java:63): Agregando el metodo "void dnReplaceStateManager(org.datanucleus.enhancement.StateManager sm)"
02:49:17> DEBUG (Log4JLogger.java:63): Agregando el metodo "void dnReplaceDetachedState()"
02:49:17> DEBUG (Log4JLogger.java:63): Agregando el metodo "boolean dnIsDetached()"
02:49:17> DEBUG (Log4JLogger.java:63): Agregando el metodo "org.datanucleus.enhancement.Persistable dnNewInstance(org.datanucleus.enhancement.StateManager sm)"
02:49:17> DEBUG (Log4JLogger.java:63): Agregando el metodo "org.datanucleus.enhancement.Persistable dnNewInstance(org.datanucleus.enhancement.StateManager sm, java.lang.Object obj)"
02:49:17> DEBUG (Log4JLogger.java:63): Agregando el metodo "void dnReplaceField(int index)"
02:49:17> DEBUG (Log4JLogger.java:63): Agregando el metodo "void dnProvideField(int index)"
02:49:17> DEBUG (Log4JLogger.java:63): Agregando el metodo "void dnCopyField(es.deusto.server.db.data.Money obj, int index)"
02:49:17> DEBUG (Log4JLogger.java:63): Agregando el metodo "void dnCopyFields(java.lang.Object obj, [I indices)"
02:49:17> DEBUG (Log4JLogger.java:63): Agregando el metodo "[Ljava.lang.String; __dnFieldNamesInit()"
02:49:17> DEBUG (Log4JLogger.java:63): Agregando el metodo "[Ljava.lang.Class; __dnFieldTypesInit()"
02:49:17> DEBUG (Log4JLogger.java:63): Agregando el metodo "[B __dnFieldFlagsInit()"
02:49:17> DEBUG (Log4JLogger.java:63): Agregando el metodo "int __dnGetInheritedFieldCount()"
02:49:17> DEBUG (Log4JLogger.java:63): Agregando el metodo "int dnGetManagedFieldCount()"
02:49:17> DEBUG (Log4JLogger.java:63): Agregando el metodo "java.lang.Class __dnPersistableSuperclassInit()"
02:49:17> DEBUG (Log4JLogger.java:63): Agregando el metodo "java.lang.Class ___dn$loadClass(java.lang.String className)"
02:49:17> DEBUG (Log4JLogger.java:63): Agregando el metodo "java.lang.Object dnSuperClone()"
02:49:17> DEBUG (Log4JLogger.java:63): Agregando el metodo "void writeObject(java.io.ObjectOutputStream out)"
02:49:17> DEBUG (Log4JLogger.java:63): Agregando el metodo "int dnGetamount(es.deusto.server.db.data.Money objPC)"
02:49:17> DEBUG (Log4JLogger.java:63): Agregando el metodo "void dnSetamount(es.deusto.server.db.data.Money objPC, int val)"
02:49:17> DEBUG (Log4JLogger.java:63): Agregando el metodo "es.deusto.server.db.data.Product dnGetproduct(es.deusto.server.db.data.Money objPC)"
02:49:17> DEBUG (Log4JLogger.java:63): Agregando el metodo "void dnSetproduct(es.deusto.server.db.data.Money objPC, es.deusto.server.db.data.Product val)"
02:49:17> DEBUG (Log4JLogger.java:63): Agregando el metodo "long dnGettimestamp(es.deusto.server.db.data.Money objPC)"
02:49:17> DEBUG (Log4JLogger.java:63): Agregando el metodo "void dnSettimestamp(es.deusto.server.db.data.Money objPC, long val)"
02:49:17> DEBUG (Log4JLogger.java:63): Agregando el metodo "es.deusto.server.db.data.User dnGetuser(es.deusto.server.db.data.Money objPC)"
02:49:17> DEBUG (Log4JLogger.java:63): Agregando el metodo "void dnSetuser(es.deusto.server.db.data.Money objPC, es.deusto.server.db.data.User val)"
02:49:17> INFO  (Log4JLogger.java:82): Escribiendo el archivo de clase "C:\Users\Jorge\git\SPQ03\spq03\target\classes\es\deusto\server\db\data\Money.class" con definicion enhanced
02:49:17> INFO  (Log4JLogger.java:82): ENHANCED (Persistable) : es.deusto.server.db.data.Money
02:49:17> DEBUG (Log4JLogger.java:63): Enhance de la clase "es.deusto.server.db.data.Money" ha terminado
02:49:17> DEBUG (Log4JLogger.java:63): Enhance de la clase "es.deusto.server.db.data.Product" empezando ...
02:49:17> DEBUG (Log4JLogger.java:63): La clase "es.deusto.server.db.data.Product" no implementa el interfaz "org.datanucleus.enhancement.Persistable"!
02:49:17> DEBUG (Log4JLogger.java:63): La clase "es.deusto.server.db.data.Product" no implementa el interfaz "org.datanucleus.enhancement.Detachable"!
02:49:17> DEBUG (Log4JLogger.java:63): La clase "es.deusto.server.db.data.Product" no tiene el campo "dnStateManager" pero lo necesita
02:49:17> DEBUG (Log4JLogger.java:63): La clase "es.deusto.server.db.data.Product" no tiene el campo "dnDetachedState" pero lo necesita
02:49:17> DEBUG (Log4JLogger.java:63): La clase "es.deusto.server.db.data.Product" no tiene el campo "dnInheritedFieldCount" pero lo necesita
02:49:17> DEBUG (Log4JLogger.java:63): La clase "es.deusto.server.db.data.Product" no tiene el campo "dnFlags" pero lo necesita
02:49:17> DEBUG (Log4JLogger.java:63): La clase "es.deusto.server.db.data.Product" no tiene el campo "dnFieldTypes" pero lo necesita
02:49:17> DEBUG (Log4JLogger.java:63): La clase "es.deusto.server.db.data.Product" no tiene el campo "dnFieldNames" pero lo necesita
02:49:17> DEBUG (Log4JLogger.java:63): La clase "es.deusto.server.db.data.Product" no tiene el campo "dnFieldFlags" pero lo necesita
02:49:17> DEBUG (Log4JLogger.java:63): La clase "es.deusto.server.db.data.Product" no tiene el campo "dnPersistableSuperclass" pero lo necesita
02:49:17> DEBUG (Log4JLogger.java:63): La clase "es.deusto.server.db.data.Product" no tiene el metodo "dnReplaceField" pero lo necesita
02:49:17> DEBUG (Log4JLogger.java:63): La clase "es.deusto.server.db.data.Product" no tiene el metodo "dnGetStateManager" pero lo necesita
02:49:17> DEBUG (Log4JLogger.java:63): La clase "es.deusto.server.db.data.Product" no tiene el metodo "dnIsTransactional" pero lo necesita
02:49:17> DEBUG (Log4JLogger.java:63): La clase "es.deusto.server.db.data.Product" no tiene el metodo "dnNewInstance" pero lo necesita
02:49:17> DEBUG (Log4JLogger.java:63): La clase "es.deusto.server.db.data.Product" no tiene el metodo "dnNewInstance" pero lo necesita
02:49:17> DEBUG (Log4JLogger.java:63): La clase "es.deusto.server.db.data.Product" no tiene el metodo "dnSuperClone" pero lo necesita
02:49:17> DEBUG (Log4JLogger.java:63): La clase "es.deusto.server.db.data.Product" no tiene el metodo "dnProvideFields" pero lo necesita
02:49:17> DEBUG (Log4JLogger.java:63): La clase "es.deusto.server.db.data.Product" no tiene el metodo "___dn$loadClass" pero lo necesita
02:49:17> DEBUG (Log4JLogger.java:63): La clase "es.deusto.server.db.data.Product" no tiene el metodo "dnGetManagedFieldCount" pero lo necesita
02:49:17> DEBUG (Log4JLogger.java:63): La clase "es.deusto.server.db.data.Product" no tiene el metodo "dnIsDirty" pero lo necesita
02:49:17> DEBUG (Log4JLogger.java:63): La clase "es.deusto.server.db.data.Product" no tiene el metodo "dnReplaceStateManager" pero lo necesita
02:49:17> DEBUG (Log4JLogger.java:63): La clase "es.deusto.server.db.data.Product" no tiene el metodo "dnReplaceFlags" pero lo necesita
02:49:17> DEBUG (Log4JLogger.java:63): La clase "es.deusto.server.db.data.Product" no tiene el metodo "dnIsDetached" pero lo necesita
02:49:17> DEBUG (Log4JLogger.java:63): La clase "es.deusto.server.db.data.Product" no tiene el metodo "dnMakeDirty" pero lo necesita
02:49:17> DEBUG (Log4JLogger.java:63): La clase "es.deusto.server.db.data.Product" no tiene el metodo "__dnPersistableSuperclassInit" pero lo necesita
02:49:17> DEBUG (Log4JLogger.java:63): La clase "es.deusto.server.db.data.Product" no tiene el metodo "dnIsDeleted" pero lo necesita
02:49:17> DEBUG (Log4JLogger.java:63): La clase "es.deusto.server.db.data.Product" no tiene el metodo "__dnFieldFlagsInit" pero lo necesita
02:49:17> DEBUG (Log4JLogger.java:63): La clase "es.deusto.server.db.data.Product" no tiene el metodo "__dnFieldTypesInit" pero lo necesita
02:49:17> DEBUG (Log4JLogger.java:63): La clase "es.deusto.server.db.data.Product" no tiene el metodo "dnProvideField" pero lo necesita
02:49:17> DEBUG (Log4JLogger.java:63): La clase "es.deusto.server.db.data.Product" no tiene el metodo "dnPreSerialize" pero lo necesita
02:49:17> DEBUG (Log4JLogger.java:63): La clase "es.deusto.server.db.data.Product" no tiene el metodo "dnGetObjectId" pero lo necesita
02:49:17> DEBUG (Log4JLogger.java:63): La clase "es.deusto.server.db.data.Product" no tiene el metodo "dnGetVersion" pero lo necesita
02:49:17> DEBUG (Log4JLogger.java:63): La clase "es.deusto.server.db.data.Product" no tiene el metodo "dnGetTransactionalObjectId" pero lo necesita
02:49:17> DEBUG (Log4JLogger.java:63): La clase "es.deusto.server.db.data.Product" no tiene el metodo "dnIsNew" pero lo necesita
02:49:17> DEBUG (Log4JLogger.java:63): La clase "es.deusto.server.db.data.Product" no tiene el metodo "dnCopyKeyFieldsToObjectId" pero lo necesita
02:49:17> DEBUG (Log4JLogger.java:63): La clase "es.deusto.server.db.data.Product" no tiene el metodo "dnCopyKeyFieldsToObjectId" pero lo necesita
02:49:17> DEBUG (Log4JLogger.java:63): La clase "es.deusto.server.db.data.Product" no tiene el metodo "dnCopyField" pero lo necesita
02:49:17> DEBUG (Log4JLogger.java:63): La clase "es.deusto.server.db.data.Product" no tiene el metodo "dnCopyKeyFieldsFromObjectId" pero lo necesita
02:49:17> DEBUG (Log4JLogger.java:63): La clase "es.deusto.server.db.data.Product" no tiene el metodo "dnCopyKeyFieldsFromObjectId" pero lo necesita
02:49:17> DEBUG (Log4JLogger.java:63): La clase "es.deusto.server.db.data.Product" no tiene el metodo "dnGetExecutionContext" pero lo necesita
02:49:17> DEBUG (Log4JLogger.java:63): La clase "es.deusto.server.db.data.Product" no tiene el metodo "dnCopyFields" pero lo necesita
02:49:17> DEBUG (Log4JLogger.java:63): La clase "es.deusto.server.db.data.Product" no tiene el metodo "__dnGetInheritedFieldCount" pero lo necesita
02:49:17> DEBUG (Log4JLogger.java:63): La clase "es.deusto.server.db.data.Product" no tiene el metodo "dnNewObjectIdInstance" pero lo necesita
02:49:17> DEBUG (Log4JLogger.java:63): La clase "es.deusto.server.db.data.Product" no tiene el metodo "dnNewObjectIdInstance" pero lo necesita
02:49:17> DEBUG (Log4JLogger.java:63): La clase "es.deusto.server.db.data.Product" no tiene el metodo "dnReplaceDetachedState" pero lo necesita
02:49:17> DEBUG (Log4JLogger.java:63): La clase "es.deusto.server.db.data.Product" no tiene el metodo "dnIsPersistent" pero lo necesita
02:49:17> DEBUG (Log4JLogger.java:63): La clase "es.deusto.server.db.data.Product" no tiene el metodo "dnReplaceFields" pero lo necesita
02:49:17> DEBUG (Log4JLogger.java:63): La clase "es.deusto.server.db.data.Product" no tiene el metodo "__dnFieldNamesInit" pero lo necesita
02:49:17> DEBUG (Log4JLogger.java:63): Agregando el interfaz: org.datanucleus.enhancement.Detachable
02:49:17> DEBUG (Log4JLogger.java:63): Agregando el interfaz: org.datanucleus.enhancement.Persistable
02:49:17> DEBUG (Log4JLogger.java:63): Enhancing metodo original es.deusto.server.db.data.Product.<init> : ignorando enhance de set del campo "es.deusto.server.db.data.Product.name"
02:49:17> DEBUG (Log4JLogger.java:63): Enhancing metodo original es.deusto.server.db.data.Product.<init> : ignorando enhance de set del campo "es.deusto.server.db.data.Product.characteristics"
02:49:17> DEBUG (Log4JLogger.java:63): Enhancing metodo original es.deusto.server.db.data.Product.<init> : ignorando enhance de set del campo "es.deusto.server.db.data.Product.buyersPayment"
02:49:17> DEBUG (Log4JLogger.java:63): Enhancing metodo original es.deusto.server.db.data.Product.<init> : ignorando enhance de set del campo "es.deusto.server.db.data.Product.user"
02:49:17> DEBUG (Log4JLogger.java:63): Enhancing metodo original es.deusto.server.db.data.Product.<init> : ignorando enhance de set del campo "es.deusto.server.db.data.Product.name"
02:49:17> DEBUG (Log4JLogger.java:63): Enhancing metodo original es.deusto.server.db.data.Product.<init> : ignorando enhance de set del campo "es.deusto.server.db.data.Product.characteristics"
02:49:17> DEBUG (Log4JLogger.java:63): Enhancing metodo original es.deusto.server.db.data.Product.<init> : ignorando enhance de set del campo "es.deusto.server.db.data.Product.timestamp"
02:49:17> DEBUG (Log4JLogger.java:63): Enhancing metodo original es.deusto.server.db.data.Product.getOwner, cambiando el uso del campo "es.deusto.server.db.data.Product.user" para utilisar "dnGetuser()"
02:49:17> DEBUG (Log4JLogger.java:63): Enhancing metodo original es.deusto.server.db.data.Product.getName, cambiando el uso del campo "es.deusto.server.db.data.Product.name" para utilisar "dnGetname()"
02:49:17> DEBUG (Log4JLogger.java:63): Enhancing metodo original es.deusto.server.db.data.Product.setOwner, cambiando el uso del campo "es.deusto.server.db.data.Product.user" para utilisar "dnSetuser()"
02:49:17> DEBUG (Log4JLogger.java:63): Enhancing metodo original es.deusto.server.db.data.Product.getCharacteristics, cambiando el uso del campo "es.deusto.server.db.data.Product.characteristics" para utilisar "dnGetcharacteristics()"
02:49:17> DEBUG (Log4JLogger.java:63): Enhancing metodo original es.deusto.server.db.data.Product.getBuyersPayment, cambiando el uso del campo "es.deusto.server.db.data.Product.buyersPayment" para utilisar "dnGetbuyersPayment()"
02:49:17> DEBUG (Log4JLogger.java:63): Enhancing metodo original es.deusto.server.db.data.Product.getBuyersPayment, cambiando el uso del campo "es.deusto.server.db.data.Product.buyersPayment" para utilisar "dnGetbuyersPayment()"
02:49:17> DEBUG (Log4JLogger.java:63): Enhancing metodo original es.deusto.server.db.data.Product.toString, cambiando el uso del campo "es.deusto.server.db.data.Product.name" para utilisar "dnGetname()"
02:49:17> DEBUG (Log4JLogger.java:63): Enhancing metodo original es.deusto.server.db.data.Product.toString, cambiando el uso del campo "es.deusto.server.db.data.Product.characteristics" para utilisar "dnGetcharacteristics()"
02:49:17> DEBUG (Log4JLogger.java:63): Enhancing metodo original es.deusto.server.db.data.Product.toString, cambiando el uso del campo "es.deusto.server.db.data.Product.user" para utilisar "dnGetuser()"
02:49:17> DEBUG (Log4JLogger.java:63): Enhancing metodo original es.deusto.server.db.data.Product.toStringShort, cambiando el uso del campo "es.deusto.server.db.data.Product.name" para utilisar "dnGetname()"
02:49:17> DEBUG (Log4JLogger.java:63): Agregando el campo "org.datanucleus.enhancement.StateManager dnStateManager"
02:49:17> DEBUG (Log4JLogger.java:63): Agregando el campo "byte dnFlags"
02:49:17> DEBUG (Log4JLogger.java:63): Agregando el campo "[Ljava.lang.Object; dnDetachedState"
02:49:17> DEBUG (Log4JLogger.java:63): Agregando el campo "[B dnFieldFlags"
02:49:17> DEBUG (Log4JLogger.java:63): Agregando el campo "java.lang.Class dnPersistableSuperclass"
02:49:17> DEBUG (Log4JLogger.java:63): Agregando el campo "[Ljava.lang.Class; dnFieldTypes"
02:49:17> DEBUG (Log4JLogger.java:63): Agregando el campo "[Ljava.lang.String; dnFieldNames"
02:49:17> DEBUG (Log4JLogger.java:63): Agregando el campo "int dnInheritedFieldCount"
02:49:17> DEBUG (Log4JLogger.java:63): Agregando el metodo "void <clinit>()"
02:49:17> DEBUG (Log4JLogger.java:63): Agregando el constructor "es.deusto.server.db.data.Product()"
02:49:17> DEBUG (Log4JLogger.java:63): Agregando el metodo "void dnCopyKeyFieldsFromObjectId(org.datanucleus.enhancement.Persistable$ObjectIdFieldConsumer fc, java.lang.Object oid)"
02:49:17> DEBUG (Log4JLogger.java:63): Agregando el metodo "void dnCopyKeyFieldsFromObjectId(java.lang.Object oid)"
02:49:17> DEBUG (Log4JLogger.java:63): Agregando el metodo "void dnCopyKeyFieldsToObjectId(java.lang.Object oid)"
02:49:17> DEBUG (Log4JLogger.java:63): Agregando el metodo "void dnCopyKeyFieldsToObjectId(org.datanucleus.enhancement.Persistable$ObjectIdFieldSupplier fs, java.lang.Object oid)"
02:49:17> DEBUG (Log4JLogger.java:63): Agregando el metodo "java.lang.Object dnGetObjectId()"
02:49:17> DEBUG (Log4JLogger.java:63): Agregando el metodo "java.lang.Object dnGetVersion()"
02:49:17> DEBUG (Log4JLogger.java:63): Agregando el metodo "void dnPreSerialize()"
02:49:17> DEBUG (Log4JLogger.java:63): Agregando el metodo "org.datanucleus.enhancement.ExecutionContextReference dnGetExecutionContext()"
02:49:17> DEBUG (Log4JLogger.java:63): Agregando el metodo "org.datanucleus.enhancement.StateManager dnGetStateManager()"
02:49:17> DEBUG (Log4JLogger.java:63): Agregando el metodo "java.lang.Object dnGetTransactionalObjectId()"
02:49:17> DEBUG (Log4JLogger.java:63): Agregando el metodo "boolean dnIsDeleted()"
02:49:17> DEBUG (Log4JLogger.java:63): Agregando el metodo "boolean dnIsDirty()"
02:49:17> DEBUG (Log4JLogger.java:63): Agregando el metodo "boolean dnIsNew()"
02:49:17> DEBUG (Log4JLogger.java:63): Agregando el metodo "boolean dnIsPersistent()"
02:49:17> DEBUG (Log4JLogger.java:63): Agregando el metodo "boolean dnIsTransactional()"
02:49:17> DEBUG (Log4JLogger.java:63): Agregando el metodo "void dnMakeDirty(java.lang.String fieldName)"
02:49:17> DEBUG (Log4JLogger.java:63): Agregando el metodo "java.lang.Object dnNewObjectIdInstance()"
02:49:17> DEBUG (Log4JLogger.java:63): Agregando el metodo "java.lang.Object dnNewObjectIdInstance(java.lang.Object key)"
02:49:17> DEBUG (Log4JLogger.java:63): Agregando el metodo "void dnProvideFields([I indices)"
02:49:17> DEBUG (Log4JLogger.java:63): Agregando el metodo "void dnReplaceFields([I indices)"
02:49:17> DEBUG (Log4JLogger.java:63): Agregando el metodo "void dnReplaceFlags()"
02:49:17> DEBUG (Log4JLogger.java:63): Agregando el metodo "void dnReplaceStateManager(org.datanucleus.enhancement.StateManager sm)"
02:49:17> DEBUG (Log4JLogger.java:63): Agregando el metodo "void dnReplaceDetachedState()"
02:49:17> DEBUG (Log4JLogger.java:63): Agregando el metodo "boolean dnIsDetached()"
02:49:17> DEBUG (Log4JLogger.java:63): Agregando el metodo "org.datanucleus.enhancement.Persistable dnNewInstance(org.datanucleus.enhancement.StateManager sm)"
02:49:17> DEBUG (Log4JLogger.java:63): Agregando el metodo "org.datanucleus.enhancement.Persistable dnNewInstance(org.datanucleus.enhancement.StateManager sm, java.lang.Object obj)"
02:49:17> DEBUG (Log4JLogger.java:63): Agregando el metodo "void dnReplaceField(int index)"
02:49:17> DEBUG (Log4JLogger.java:63): Agregando el metodo "void dnProvideField(int index)"
02:49:17> DEBUG (Log4JLogger.java:63): Agregando el metodo "void dnCopyField(es.deusto.server.db.data.Product obj, int index)"
02:49:17> DEBUG (Log4JLogger.java:63): Agregando el metodo "void dnCopyFields(java.lang.Object obj, [I indices)"
02:49:17> DEBUG (Log4JLogger.java:63): Agregando el metodo "[Ljava.lang.String; __dnFieldNamesInit()"
02:49:17> DEBUG (Log4JLogger.java:63): Agregando el metodo "[Ljava.lang.Class; __dnFieldTypesInit()"
02:49:17> DEBUG (Log4JLogger.java:63): Agregando el metodo "[B __dnFieldFlagsInit()"
02:49:17> DEBUG (Log4JLogger.java:63): Agregando el metodo "int __dnGetInheritedFieldCount()"
02:49:17> DEBUG (Log4JLogger.java:63): Agregando el metodo "int dnGetManagedFieldCount()"
02:49:17> DEBUG (Log4JLogger.java:63): Agregando el metodo "java.lang.Class __dnPersistableSuperclassInit()"
02:49:17> DEBUG (Log4JLogger.java:63): Agregando el metodo "java.lang.Class ___dn$loadClass(java.lang.String className)"
02:49:17> DEBUG (Log4JLogger.java:63): Agregando el metodo "java.lang.Object dnSuperClone()"
02:49:17> DEBUG (Log4JLogger.java:63): Agregando el metodo "void writeObject(java.io.ObjectOutputStream out)"
02:49:17> DEBUG (Log4JLogger.java:63): Agregando el metodo "java.util.List dnGetbuyersPayment(es.deusto.server.db.data.Product objPC)"
02:49:17> DEBUG (Log4JLogger.java:63): Agregando el metodo "void dnSetbuyersPayment(es.deusto.server.db.data.Product objPC, java.util.List val)"
02:49:17> DEBUG (Log4JLogger.java:63): Agregando el metodo "java.lang.String dnGetcharacteristics(es.deusto.server.db.data.Product objPC)"
02:49:17> DEBUG (Log4JLogger.java:63): Agregando el metodo "void dnSetcharacteristics(es.deusto.server.db.data.Product objPC, java.lang.String val)"
02:49:17> DEBUG (Log4JLogger.java:63): Agregando el metodo "java.lang.String dnGetname(es.deusto.server.db.data.Product objPC)"
02:49:17> DEBUG (Log4JLogger.java:63): Agregando el metodo "void dnSetname(es.deusto.server.db.data.Product objPC, java.lang.String val)"
02:49:17> DEBUG (Log4JLogger.java:63): Agregando el metodo "long dnGettimestamp(es.deusto.server.db.data.Product objPC)"
02:49:17> DEBUG (Log4JLogger.java:63): Agregando el metodo "void dnSettimestamp(es.deusto.server.db.data.Product objPC, long val)"
02:49:17> DEBUG (Log4JLogger.java:63): Agregando el metodo "es.deusto.server.db.data.User dnGetuser(es.deusto.server.db.data.Product objPC)"
02:49:17> DEBUG (Log4JLogger.java:63): Agregando el metodo "void dnSetuser(es.deusto.server.db.data.Product objPC, es.deusto.server.db.data.User val)"
02:49:17> INFO  (Log4JLogger.java:82): Escribiendo el archivo de clase "C:\Users\Jorge\git\SPQ03\spq03\target\classes\es\deusto\server\db\data\Product.class" con definicion enhanced
02:49:17> INFO  (Log4JLogger.java:82): ENHANCED (Persistable) : es.deusto.server.db.data.Product
02:49:17> DEBUG (Log4JLogger.java:63): Enhance de la clase "es.deusto.server.db.data.Product" ha terminado
02:49:17> DEBUG (Log4JLogger.java:63): Enhance de la clase "es.deusto.server.db.data.User" empezando ...
02:49:17> DEBUG (Log4JLogger.java:63): La clase "es.deusto.server.db.data.User" no implementa el interfaz "org.datanucleus.enhancement.Persistable"!
02:49:17> DEBUG (Log4JLogger.java:63): La clase "es.deusto.server.db.data.User" no implementa el interfaz "org.datanucleus.enhancement.Detachable"!
02:49:17> DEBUG (Log4JLogger.java:63): La clase "es.deusto.server.db.data.User" no tiene el campo "dnStateManager" pero lo necesita
02:49:17> DEBUG (Log4JLogger.java:63): La clase "es.deusto.server.db.data.User" no tiene el campo "dnDetachedState" pero lo necesita
02:49:17> DEBUG (Log4JLogger.java:63): La clase "es.deusto.server.db.data.User" no tiene el campo "dnInheritedFieldCount" pero lo necesita
02:49:17> DEBUG (Log4JLogger.java:63): La clase "es.deusto.server.db.data.User" no tiene el campo "dnFlags" pero lo necesita
02:49:17> DEBUG (Log4JLogger.java:63): La clase "es.deusto.server.db.data.User" no tiene el campo "dnFieldTypes" pero lo necesita
02:49:17> DEBUG (Log4JLogger.java:63): La clase "es.deusto.server.db.data.User" no tiene el campo "dnFieldNames" pero lo necesita
02:49:17> DEBUG (Log4JLogger.java:63): La clase "es.deusto.server.db.data.User" no tiene el campo "dnFieldFlags" pero lo necesita
02:49:17> DEBUG (Log4JLogger.java:63): La clase "es.deusto.server.db.data.User" no tiene el campo "dnPersistableSuperclass" pero lo necesita
02:49:17> DEBUG (Log4JLogger.java:63): La clase "es.deusto.server.db.data.User" no tiene el metodo "dnReplaceField" pero lo necesita
02:49:17> DEBUG (Log4JLogger.java:63): La clase "es.deusto.server.db.data.User" no tiene el metodo "dnGetStateManager" pero lo necesita
02:49:17> DEBUG (Log4JLogger.java:63): La clase "es.deusto.server.db.data.User" no tiene el metodo "dnIsTransactional" pero lo necesita
02:49:17> DEBUG (Log4JLogger.java:63): La clase "es.deusto.server.db.data.User" no tiene el metodo "dnNewInstance" pero lo necesita
02:49:17> DEBUG (Log4JLogger.java:63): La clase "es.deusto.server.db.data.User" no tiene el metodo "dnNewInstance" pero lo necesita
02:49:17> DEBUG (Log4JLogger.java:63): La clase "es.deusto.server.db.data.User" no tiene el metodo "dnSuperClone" pero lo necesita
02:49:17> DEBUG (Log4JLogger.java:63): La clase "es.deusto.server.db.data.User" no tiene el metodo "dnProvideFields" pero lo necesita
02:49:17> DEBUG (Log4JLogger.java:63): La clase "es.deusto.server.db.data.User" no tiene el metodo "___dn$loadClass" pero lo necesita
02:49:17> DEBUG (Log4JLogger.java:63): La clase "es.deusto.server.db.data.User" no tiene el metodo "dnGetManagedFieldCount" pero lo necesita
02:49:17> DEBUG (Log4JLogger.java:63): La clase "es.deusto.server.db.data.User" no tiene el metodo "dnIsDirty" pero lo necesita
02:49:17> DEBUG (Log4JLogger.java:63): La clase "es.deusto.server.db.data.User" no tiene el metodo "dnReplaceStateManager" pero lo necesita
02:49:17> DEBUG (Log4JLogger.java:63): La clase "es.deusto.server.db.data.User" no tiene el metodo "dnReplaceFlags" pero lo necesita
02:49:17> DEBUG (Log4JLogger.java:63): La clase "es.deusto.server.db.data.User" no tiene el metodo "dnIsDetached" pero lo necesita
02:49:17> DEBUG (Log4JLogger.java:63): La clase "es.deusto.server.db.data.User" no tiene el metodo "dnMakeDirty" pero lo necesita
02:49:17> DEBUG (Log4JLogger.java:63): La clase "es.deusto.server.db.data.User" no tiene el metodo "__dnPersistableSuperclassInit" pero lo necesita
02:49:17> DEBUG (Log4JLogger.java:63): La clase "es.deusto.server.db.data.User" no tiene el metodo "dnIsDeleted" pero lo necesita
02:49:17> DEBUG (Log4JLogger.java:63): La clase "es.deusto.server.db.data.User" no tiene el metodo "__dnFieldFlagsInit" pero lo necesita
02:49:17> DEBUG (Log4JLogger.java:63): La clase "es.deusto.server.db.data.User" no tiene el metodo "__dnFieldTypesInit" pero lo necesita
02:49:17> DEBUG (Log4JLogger.java:63): La clase "es.deusto.server.db.data.User" no tiene el metodo "dnProvideField" pero lo necesita
02:49:17> DEBUG (Log4JLogger.java:63): La clase "es.deusto.server.db.data.User" no tiene el metodo "dnPreSerialize" pero lo necesita
02:49:17> DEBUG (Log4JLogger.java:63): La clase "es.deusto.server.db.data.User" no tiene el metodo "dnGetObjectId" pero lo necesita
02:49:17> DEBUG (Log4JLogger.java:63): La clase "es.deusto.server.db.data.User" no tiene el metodo "dnGetVersion" pero lo necesita
02:49:17> DEBUG (Log4JLogger.java:63): La clase "es.deusto.server.db.data.User" no tiene el metodo "dnGetTransactionalObjectId" pero lo necesita
02:49:17> DEBUG (Log4JLogger.java:63): La clase "es.deusto.server.db.data.User" no tiene el metodo "dnIsNew" pero lo necesita
02:49:17> DEBUG (Log4JLogger.java:63): La clase "es.deusto.server.db.data.User" no tiene el metodo "dnCopyKeyFieldsToObjectId" pero lo necesita
02:49:17> DEBUG (Log4JLogger.java:63): La clase "es.deusto.server.db.data.User" no tiene el metodo "dnCopyKeyFieldsToObjectId" pero lo necesita
02:49:17> DEBUG (Log4JLogger.java:63): La clase "es.deusto.server.db.data.User" no tiene el metodo "dnCopyField" pero lo necesita
02:49:17> DEBUG (Log4JLogger.java:63): La clase "es.deusto.server.db.data.User" no tiene el metodo "dnCopyKeyFieldsFromObjectId" pero lo necesita
02:49:17> DEBUG (Log4JLogger.java:63): La clase "es.deusto.server.db.data.User" no tiene el metodo "dnCopyKeyFieldsFromObjectId" pero lo necesita
02:49:17> DEBUG (Log4JLogger.java:63): La clase "es.deusto.server.db.data.User" no tiene el metodo "dnGetExecutionContext" pero lo necesita
02:49:17> DEBUG (Log4JLogger.java:63): La clase "es.deusto.server.db.data.User" no tiene el metodo "dnCopyFields" pero lo necesita
02:49:17> DEBUG (Log4JLogger.java:63): La clase "es.deusto.server.db.data.User" no tiene el metodo "__dnGetInheritedFieldCount" pero lo necesita
02:49:17> DEBUG (Log4JLogger.java:63): La clase "es.deusto.server.db.data.User" no tiene el metodo "dnNewObjectIdInstance" pero lo necesita
02:49:17> DEBUG (Log4JLogger.java:63): La clase "es.deusto.server.db.data.User" no tiene el metodo "dnNewObjectIdInstance" pero lo necesita
02:49:17> DEBUG (Log4JLogger.java:63): La clase "es.deusto.server.db.data.User" no tiene el metodo "dnReplaceDetachedState" pero lo necesita
02:49:17> DEBUG (Log4JLogger.java:63): La clase "es.deusto.server.db.data.User" no tiene el metodo "dnIsPersistent" pero lo necesita
02:49:17> DEBUG (Log4JLogger.java:63): La clase "es.deusto.server.db.data.User" no tiene el metodo "dnReplaceFields" pero lo necesita
02:49:17> DEBUG (Log4JLogger.java:63): La clase "es.deusto.server.db.data.User" no tiene el metodo "__dnFieldNamesInit" pero lo necesita
02:49:17> DEBUG (Log4JLogger.java:63): Agregando el interfaz: org.datanucleus.enhancement.Detachable
02:49:17> DEBUG (Log4JLogger.java:63): Agregando el interfaz: org.datanucleus.enhancement.Persistable
02:49:17> DEBUG (Log4JLogger.java:63): Enhancing metodo original es.deusto.server.db.data.User.<init> : ignorando enhance de set del campo "es.deusto.server.db.data.User.login"
02:49:17> DEBUG (Log4JLogger.java:63): Enhancing metodo original es.deusto.server.db.data.User.<init> : ignorando enhance de set del campo "es.deusto.server.db.data.User.password"
02:49:17> DEBUG (Log4JLogger.java:63): Enhancing metodo original es.deusto.server.db.data.User.<init> : ignorando enhance de set del campo "es.deusto.server.db.data.User.moneyList"
02:49:17> DEBUG (Log4JLogger.java:63): Enhancing metodo original es.deusto.server.db.data.User.<init> : ignorando enhance de set del campo "es.deusto.server.db.data.User.amount"
02:49:17> DEBUG (Log4JLogger.java:63): Enhancing metodo original es.deusto.server.db.data.User.<init> : ignorando enhance de set del campo "es.deusto.server.db.data.User.login"
02:49:17> DEBUG (Log4JLogger.java:63): Enhancing metodo original es.deusto.server.db.data.User.<init> : ignorando enhance de set del campo "es.deusto.server.db.data.User.password"
02:49:17> DEBUG (Log4JLogger.java:63): Enhancing metodo original es.deusto.server.db.data.User.addMoney, cambiando el uso del campo "es.deusto.server.db.data.User.amount" para utilisar "dnGetamount()"
02:49:17> DEBUG (Log4JLogger.java:63): Enhancing metodo original es.deusto.server.db.data.User.addMoney, cambiando el uso del campo "es.deusto.server.db.data.User.amount" para utilisar "dnSetamount()"
02:49:17> DEBUG (Log4JLogger.java:63): Enhancing metodo original es.deusto.server.db.data.User.removeMoney, cambiando el uso del campo "es.deusto.server.db.data.User.amount" para utilisar "dnGetamount()"
02:49:17> DEBUG (Log4JLogger.java:63): Enhancing metodo original es.deusto.server.db.data.User.removeMoney, cambiando el uso del campo "es.deusto.server.db.data.User.amount" para utilisar "dnSetamount()"
02:49:17> DEBUG (Log4JLogger.java:63): Enhancing metodo original es.deusto.server.db.data.User.getLogin, cambiando el uso del campo "es.deusto.server.db.data.User.login" para utilisar "dnGetlogin()"
02:49:17> DEBUG (Log4JLogger.java:63): Enhancing metodo original es.deusto.server.db.data.User.getPassword, cambiando el uso del campo "es.deusto.server.db.data.User.password" para utilisar "dnGetpassword()"
02:49:17> DEBUG (Log4JLogger.java:63): Enhancing metodo original es.deusto.server.db.data.User.setPassword, cambiando el uso del campo "es.deusto.server.db.data.User.password" para utilisar "dnSetpassword()"
02:49:17> DEBUG (Log4JLogger.java:63): Enhancing metodo original es.deusto.server.db.data.User.getMoney, cambiando el uso del campo "es.deusto.server.db.data.User.amount" para utilisar "dnGetamount()"
02:49:17> DEBUG (Log4JLogger.java:63): Enhancing metodo original es.deusto.server.db.data.User.toString, cambiando el uso del campo "es.deusto.server.db.data.User.login" para utilisar "dnGetlogin()"
02:49:17> DEBUG (Log4JLogger.java:63): Enhancing metodo original es.deusto.server.db.data.User.toString, cambiando el uso del campo "es.deusto.server.db.data.User.password" para utilisar "dnGetpassword()"
02:49:17> DEBUG (Log4JLogger.java:63): Agregando el campo "org.datanucleus.enhancement.StateManager dnStateManager"
02:49:17> DEBUG (Log4JLogger.java:63): Agregando el campo "byte dnFlags"
02:49:17> DEBUG (Log4JLogger.java:63): Agregando el campo "[Ljava.lang.Object; dnDetachedState"
02:49:17> DEBUG (Log4JLogger.java:63): Agregando el campo "[B dnFieldFlags"
02:49:17> DEBUG (Log4JLogger.java:63): Agregando el campo "java.lang.Class dnPersistableSuperclass"
02:49:17> DEBUG (Log4JLogger.java:63): Agregando el campo "[Ljava.lang.Class; dnFieldTypes"
02:49:17> DEBUG (Log4JLogger.java:63): Agregando el campo "[Ljava.lang.String; dnFieldNames"
02:49:17> DEBUG (Log4JLogger.java:63): Agregando el campo "int dnInheritedFieldCount"
02:49:17> DEBUG (Log4JLogger.java:63): Agregando el metodo "void <clinit>()"
02:49:17> DEBUG (Log4JLogger.java:63): Agregando el constructor "es.deusto.server.db.data.User()"
02:49:17> DEBUG (Log4JLogger.java:63): Agregando el metodo "void dnCopyKeyFieldsFromObjectId(org.datanucleus.enhancement.Persistable$ObjectIdFieldConsumer fc, java.lang.Object oid)"
02:49:17> DEBUG (Log4JLogger.java:63): Agregando el metodo "void dnCopyKeyFieldsFromObjectId(java.lang.Object oid)"
02:49:17> DEBUG (Log4JLogger.java:63): Agregando el metodo "void dnCopyKeyFieldsToObjectId(java.lang.Object oid)"
02:49:17> DEBUG (Log4JLogger.java:63): Agregando el metodo "void dnCopyKeyFieldsToObjectId(org.datanucleus.enhancement.Persistable$ObjectIdFieldSupplier fs, java.lang.Object oid)"
02:49:17> DEBUG (Log4JLogger.java:63): Agregando el metodo "java.lang.Object dnGetObjectId()"
02:49:17> DEBUG (Log4JLogger.java:63): Agregando el metodo "java.lang.Object dnGetVersion()"
02:49:17> DEBUG (Log4JLogger.java:63): Agregando el metodo "void dnPreSerialize()"
02:49:17> DEBUG (Log4JLogger.java:63): Agregando el metodo "org.datanucleus.enhancement.ExecutionContextReference dnGetExecutionContext()"
02:49:17> DEBUG (Log4JLogger.java:63): Agregando el metodo "org.datanucleus.enhancement.StateManager dnGetStateManager()"
02:49:17> DEBUG (Log4JLogger.java:63): Agregando el metodo "java.lang.Object dnGetTransactionalObjectId()"
02:49:17> DEBUG (Log4JLogger.java:63): Agregando el metodo "boolean dnIsDeleted()"
02:49:17> DEBUG (Log4JLogger.java:63): Agregando el metodo "boolean dnIsDirty()"
02:49:17> DEBUG (Log4JLogger.java:63): Agregando el metodo "boolean dnIsNew()"
02:49:17> DEBUG (Log4JLogger.java:63): Agregando el metodo "boolean dnIsPersistent()"
02:49:17> DEBUG (Log4JLogger.java:63): Agregando el metodo "boolean dnIsTransactional()"
02:49:17> DEBUG (Log4JLogger.java:63): Agregando el metodo "void dnMakeDirty(java.lang.String fieldName)"
02:49:17> DEBUG (Log4JLogger.java:63): Agregando el metodo "java.lang.Object dnNewObjectIdInstance()"
02:49:17> DEBUG (Log4JLogger.java:63): Agregando el metodo "java.lang.Object dnNewObjectIdInstance(java.lang.Object key)"
02:49:17> DEBUG (Log4JLogger.java:63): Agregando el metodo "void dnProvideFields([I indices)"
02:49:17> DEBUG (Log4JLogger.java:63): Agregando el metodo "void dnReplaceFields([I indices)"
02:49:17> DEBUG (Log4JLogger.java:63): Agregando el metodo "void dnReplaceFlags()"
02:49:17> DEBUG (Log4JLogger.java:63): Agregando el metodo "void dnReplaceStateManager(org.datanucleus.enhancement.StateManager sm)"
02:49:17> DEBUG (Log4JLogger.java:63): Agregando el metodo "void dnReplaceDetachedState()"
02:49:17> DEBUG (Log4JLogger.java:63): Agregando el metodo "boolean dnIsDetached()"
02:49:17> DEBUG (Log4JLogger.java:63): Agregando el metodo "org.datanucleus.enhancement.Persistable dnNewInstance(org.datanucleus.enhancement.StateManager sm)"
02:49:17> DEBUG (Log4JLogger.java:63): Agregando el metodo "org.datanucleus.enhancement.Persistable dnNewInstance(org.datanucleus.enhancement.StateManager sm, java.lang.Object obj)"
02:49:17> DEBUG (Log4JLogger.java:63): Agregando el metodo "void dnReplaceField(int index)"
02:49:17> DEBUG (Log4JLogger.java:63): Agregando el metodo "void dnProvideField(int index)"
02:49:17> DEBUG (Log4JLogger.java:63): Agregando el metodo "void dnCopyField(es.deusto.server.db.data.User obj, int index)"
02:49:17> DEBUG (Log4JLogger.java:63): Agregando el metodo "void dnCopyFields(java.lang.Object obj, [I indices)"
02:49:17> DEBUG (Log4JLogger.java:63): Agregando el metodo "[Ljava.lang.String; __dnFieldNamesInit()"
02:49:17> DEBUG (Log4JLogger.java:63): Agregando el metodo "[Ljava.lang.Class; __dnFieldTypesInit()"
02:49:17> DEBUG (Log4JLogger.java:63): Agregando el metodo "[B __dnFieldFlagsInit()"
02:49:17> DEBUG (Log4JLogger.java:63): Agregando el metodo "int __dnGetInheritedFieldCount()"
02:49:17> DEBUG (Log4JLogger.java:63): Agregando el metodo "int dnGetManagedFieldCount()"
02:49:17> DEBUG (Log4JLogger.java:63): Agregando el metodo "java.lang.Class __dnPersistableSuperclassInit()"
02:49:17> DEBUG (Log4JLogger.java:63): Agregando el metodo "java.lang.Class ___dn$loadClass(java.lang.String className)"
02:49:17> DEBUG (Log4JLogger.java:63): Agregando el metodo "java.lang.Object dnSuperClone()"
02:49:17> DEBUG (Log4JLogger.java:63): Agregando el metodo "void writeObject(java.io.ObjectOutputStream out)"
02:49:17> DEBUG (Log4JLogger.java:63): Agregando el metodo "int dnGetamount(es.deusto.server.db.data.User objPC)"
02:49:17> DEBUG (Log4JLogger.java:63): Agregando el metodo "void dnSetamount(es.deusto.server.db.data.User objPC, int val)"
02:49:17> DEBUG (Log4JLogger.java:63): Agregando el metodo "java.lang.String dnGetlogin(es.deusto.server.db.data.User objPC)"
02:49:17> DEBUG (Log4JLogger.java:63): Agregando el metodo "void dnSetlogin(es.deusto.server.db.data.User objPC, java.lang.String val)"
02:49:17> DEBUG (Log4JLogger.java:63): Agregando el metodo "java.util.List dnGetmoneyList(es.deusto.server.db.data.User objPC)"
02:49:17> DEBUG (Log4JLogger.java:63): Agregando el metodo "void dnSetmoneyList(es.deusto.server.db.data.User objPC, java.util.List val)"
02:49:17> DEBUG (Log4JLogger.java:63): Agregando el metodo "java.lang.String dnGetpassword(es.deusto.server.db.data.User objPC)"
02:49:17> DEBUG (Log4JLogger.java:63): Agregando el metodo "void dnSetpassword(es.deusto.server.db.data.User objPC, java.lang.String val)"
02:49:17> INFO  (Log4JLogger.java:82): Escribiendo el archivo de clase "C:\Users\Jorge\git\SPQ03\spq03\target\classes\es\deusto\server\db\data\User.class" con definicion enhanced
02:49:17> INFO  (Log4JLogger.java:82): ENHANCED (Persistable) : es.deusto.server.db.data.User
02:49:17> DEBUG (Log4JLogger.java:63): Enhance de la clase "es.deusto.server.db.data.User" ha terminado
02:49:17> INFO  (Log4JLogger.java:82): DataNucleus Enhancer ha terminado con exito para 3 clases. Tiempos : input=1017 ms, enhance=663 ms, total=1680 ms. Compruebe el LOG para los detalles
